
///////////////////////////////////
// Efinity Synthesis Started 
// Feb 06, 2023 23:23:49
///////////////////////////////////

[EFX-0010 VERI-ERROR] cannot open include file 'macro.svh' (SORT-1015) (D:\Work\adv7393_axi\src\adv7393_sync_gen.sv:24)
[EFX-0010 VERI-ERROR] cannot open include file 'macro.svh' (SORT-1015) (D:\Work\adv7393_axi\src\axi_pkg.sv:3)
[EFX-0010 VERI-ERROR] cannot open include file 'macro.svh' (SORT-1015) (D:\Work\adv7393_axi\src\fifo_rd_dconv.sv:23)
[EFX-0012 VERI-INFO] default VHDL library search path is now "D:/Efinity/2022.1/sim_models/vhdl/packages/vhdl_2008" (VHDL-1504) 
[EFX-0011 VERI-WARNING] converting concatenation to assignment pattern (VERI-1905) (D:\Work\adv7393_axi\src\adv7393_pkg.sv:93)
[EFX-0011 VERI-WARNING] parameter 'M_AXI_DWIDTH' declared inside package 'adv7393_pkg' shall be treated as localparam (VERI-2418) (D:\Work\adv7393_axi\src\adv7393_pkg.sv:4)
[EFX-0011 VERI-WARNING] parameter 'S_AXI_DWIDTH' declared inside package 'adv7393_pkg' shall be treated as localparam (VERI-2418) (D:\Work\adv7393_axi\src\adv7393_pkg.sv:5)
[EFX-0011 VERI-WARNING] parameter 'S_AXI_AWIDTH' declared inside package 'adv7393_pkg' shall be treated as localparam (VERI-2418) (D:\Work\adv7393_axi\src\adv7393_pkg.sv:6)
[EFX-0011 VERI-WARNING] parameter 'CSR_ENABLE' declared inside package 'adv7393_pkg' shall be treated as localparam (VERI-2418) (D:\Work\adv7393_axi\src\adv7393_pkg.sv:7)
[EFX-0011 VERI-WARNING] parameter 'TEST_ENABLE' declared inside package 'adv7393_pkg' shall be treated as localparam (VERI-2418) (D:\Work\adv7393_axi\src\adv7393_pkg.sv:8)
[EFX-0011 VERI-WARNING] parameter 'VERSION' declared inside package 'adv7393_pkg' shall be treated as localparam (VERI-2418) (D:\Work\adv7393_axi\src\adv7393_pkg.sv:9)
[EFX-0011 VERI-WARNING] parameter 'REG_WIDTH' declared inside package 'adv7393_pkg' shall be treated as localparam (VERI-2418) (D:\Work\adv7393_axi\src\adv7393_pkg.sv:11)
[EFX-0011 VERI-WARNING] parameter 'PIXELS_PER_SYMBOL' declared inside package 'adv7393_pkg' shall be treated as localparam (VERI-2418) (D:\Work\adv7393_axi\src\adv7393_pkg.sv:12)
[EFX-0010 VERI-ERROR] unpacked member 'status' is not allowed in a packed struct/union (VERI-1336) (D:\Work\adv7393_axi\src\adv7393_pkg.sv:49)
[EFX-0010 VERI-ERROR] unpacked member 'frame' is not allowed in a packed struct/union (VERI-1336) (D:\Work\adv7393_axi\src\adv7393_pkg.sv:50)
[EFX-0010 VERI-ERROR] unpacked member 'buffer' is not allowed in a packed struct/union (VERI-1336) (D:\Work\adv7393_axi\src\adv7393_pkg.sv:51)
[EFX-0011 VERI-WARNING] parameter 'BASE' declared inside package 'adv7393_pkg' shall be treated as localparam (VERI-2418) (D:\Work\adv7393_axi\src\adv7393_pkg.sv:55)
[EFX-0011 VERI-WARNING] parameter 'LINE_STEP' declared inside package 'adv7393_pkg' shall be treated as localparam (VERI-2418) (D:\Work\adv7393_axi\src\adv7393_pkg.sv:56)
[EFX-0011 VERI-WARNING] parameter 'COUNT' declared inside package 'adv7393_pkg' shall be treated as localparam (VERI-2418) (D:\Work\adv7393_axi\src\adv7393_pkg.sv:57)
[EFX-0011 VERI-WARNING] parameter 'LINE_LEN' declared inside package 'adv7393_pkg' shall be treated as localparam (VERI-2418) (D:\Work\adv7393_axi\src\adv7393_pkg.sv:59)
[EFX-0011 VERI-WARNING] parameter 'LINES' declared inside package 'adv7393_pkg' shall be treated as localparam (VERI-2418) (D:\Work\adv7393_axi\src\adv7393_pkg.sv:60)
[EFX-0011 VERI-WARNING] parameter 'BUFFER_DEPTH' declared inside package 'adv7393_pkg' shall be treated as localparam (VERI-2418) (D:\Work\adv7393_axi\src\adv7393_pkg.sv:61)
[EFX-0011 VERI-WARNING] parameter 'BUFFER_COUNT' declared inside package 'adv7393_pkg' shall be treated as localparam (VERI-2418) (D:\Work\adv7393_axi\src\adv7393_pkg.sv:62)
[EFX-0011 VERI-WARNING] parameter 'BUFFER_SIZE' declared inside package 'adv7393_pkg' shall be treated as localparam (VERI-2418) (D:\Work\adv7393_axi\src\adv7393_pkg.sv:63)
[EFX-0011 VERI-WARNING] parameter 'LINES_CNT_W' declared inside package 'adv7393_pkg' shall be treated as localparam (VERI-2418) (D:\Work\adv7393_axi\src\adv7393_pkg.sv:64)
[EFX-0011 VERI-WARNING] parameter 'LINE_LEN_ACT_T' declared inside package 'adv7393_pkg' shall be treated as localparam (VERI-2418) (D:\Work\adv7393_axi\src\adv7393_pkg.sv:66)
[EFX-0011 VERI-WARNING] parameter 'LINE_LEN_BLANK_T' declared inside package 'adv7393_pkg' shall be treated as localparam (VERI-2418) (D:\Work\adv7393_axi\src\adv7393_pkg.sv:67)
[EFX-0011 VERI-WARNING] parameter 'LINE_LEN_T' declared inside package 'adv7393_pkg' shall be treated as localparam (VERI-2418) (D:\Work\adv7393_axi\src\adv7393_pkg.sv:68)
[EFX-0011 VERI-WARNING] parameter 'LINE_LEN_CNT_W' declared inside package 'adv7393_pkg' shall be treated as localparam (VERI-2418) (D:\Work\adv7393_axi\src\adv7393_pkg.sv:69)
[EFX-0011 VERI-WARNING] parameter 'HSYNC_W' declared inside package 'adv7393_pkg' shall be treated as localparam (VERI-2418) (D:\Work\adv7393_axi\src\adv7393_pkg.sv:70)
[EFX-0011 VERI-WARNING] parameter 'OUT_DWIDTH' declared inside package 'adv7393_pkg' shall be treated as localparam (VERI-2418) (D:\Work\adv7393_axi\src\adv7393_pkg.sv:72)
[EFX-0011 VERI-WARNING] parameter 'PIXEL_SIZE' declared inside package 'adv7393_pkg' shall be treated as localparam (VERI-2418) (D:\Work\adv7393_axi\src\adv7393_pkg.sv:108)
[EFX-0011 VERI-WARNING] parameter 'PIXEL_STORED_SIZE' declared inside package 'adv7393_pkg' shall be treated as localparam (VERI-2418) (D:\Work\adv7393_axi\src\adv7393_pkg.sv:109)
[EFX-0011 VERI-WARNING] parameter 'COMPRESSED_WIDTH' declared inside package 'adv7393_pkg' shall be treated as localparam (VERI-2418) (D:\Work\adv7393_axi\src\adv7393_pkg.sv:110)
[EFX-0011 VERI-WARNING] variable 'ret' must explicitly be declared as automatic or static (VERI-2013) (D:\Work\adv7393_axi\src\adv7393_pkg.sv:113)
[EFX-0010 VERI-ERROR] package 'adv7393_pkg' is ignored due to previous errors (VERI-1072) (D:\Work\adv7393_axi\src\adv7393_pkg.sv:139)

///////////////////////////////////
// Efinity Synthesis Started 
// Feb 06, 2023 23:25:13
///////////////////////////////////

[EFX-0010 VERI-ERROR] cannot open include file 'macro.svh' (SORT-1015) (D:\Work\adv7393_axi\src\adv7393_sync_gen.sv:24)
[EFX-0010 VERI-ERROR] cannot open include file 'macro.svh' (SORT-1015) (D:\Work\adv7393_axi\src\axi_pkg.sv:3)
[EFX-0010 VERI-ERROR] cannot open include file 'macro.svh' (SORT-1015) (D:\Work\adv7393_axi\src\fifo_rd_dconv.sv:23)
[EFX-0012 VERI-INFO] default VHDL library search path is now "D:/Efinity/2022.1/sim_models/vhdl/packages/vhdl_2008" (VHDL-1504) 
[EFX-0011 VERI-WARNING] converting concatenation to assignment pattern (VERI-1905) (D:\Work\adv7393_axi\src\adv7393_pkg.sv:93)
[EFX-0011 VERI-WARNING] parameter 'M_AXI_DWIDTH' declared inside package 'adv7393_pkg' shall be treated as localparam (VERI-2418) (D:\Work\adv7393_axi\src\adv7393_pkg.sv:4)
[EFX-0011 VERI-WARNING] parameter 'S_AXI_DWIDTH' declared inside package 'adv7393_pkg' shall be treated as localparam (VERI-2418) (D:\Work\adv7393_axi\src\adv7393_pkg.sv:5)
[EFX-0011 VERI-WARNING] parameter 'S_AXI_AWIDTH' declared inside package 'adv7393_pkg' shall be treated as localparam (VERI-2418) (D:\Work\adv7393_axi\src\adv7393_pkg.sv:6)
[EFX-0011 VERI-WARNING] parameter 'CSR_ENABLE' declared inside package 'adv7393_pkg' shall be treated as localparam (VERI-2418) (D:\Work\adv7393_axi\src\adv7393_pkg.sv:7)
[EFX-0011 VERI-WARNING] parameter 'TEST_ENABLE' declared inside package 'adv7393_pkg' shall be treated as localparam (VERI-2418) (D:\Work\adv7393_axi\src\adv7393_pkg.sv:8)
[EFX-0011 VERI-WARNING] parameter 'VERSION' declared inside package 'adv7393_pkg' shall be treated as localparam (VERI-2418) (D:\Work\adv7393_axi\src\adv7393_pkg.sv:9)
[EFX-0011 VERI-WARNING] parameter 'REG_WIDTH' declared inside package 'adv7393_pkg' shall be treated as localparam (VERI-2418) (D:\Work\adv7393_axi\src\adv7393_pkg.sv:11)
[EFX-0011 VERI-WARNING] parameter 'PIXELS_PER_SYMBOL' declared inside package 'adv7393_pkg' shall be treated as localparam (VERI-2418) (D:\Work\adv7393_axi\src\adv7393_pkg.sv:12)
[EFX-0011 VERI-WARNING] parameter 'BASE' declared inside package 'adv7393_pkg' shall be treated as localparam (VERI-2418) (D:\Work\adv7393_axi\src\adv7393_pkg.sv:55)
[EFX-0011 VERI-WARNING] parameter 'LINE_STEP' declared inside package 'adv7393_pkg' shall be treated as localparam (VERI-2418) (D:\Work\adv7393_axi\src\adv7393_pkg.sv:56)
[EFX-0011 VERI-WARNING] parameter 'COUNT' declared inside package 'adv7393_pkg' shall be treated as localparam (VERI-2418) (D:\Work\adv7393_axi\src\adv7393_pkg.sv:57)
[EFX-0011 VERI-WARNING] parameter 'LINE_LEN' declared inside package 'adv7393_pkg' shall be treated as localparam (VERI-2418) (D:\Work\adv7393_axi\src\adv7393_pkg.sv:59)
[EFX-0011 VERI-WARNING] parameter 'LINES' declared inside package 'adv7393_pkg' shall be treated as localparam (VERI-2418) (D:\Work\adv7393_axi\src\adv7393_pkg.sv:60)
[EFX-0011 VERI-WARNING] parameter 'BUFFER_DEPTH' declared inside package 'adv7393_pkg' shall be treated as localparam (VERI-2418) (D:\Work\adv7393_axi\src\adv7393_pkg.sv:61)
[EFX-0011 VERI-WARNING] parameter 'BUFFER_COUNT' declared inside package 'adv7393_pkg' shall be treated as localparam (VERI-2418) (D:\Work\adv7393_axi\src\adv7393_pkg.sv:62)
[EFX-0011 VERI-WARNING] parameter 'BUFFER_SIZE' declared inside package 'adv7393_pkg' shall be treated as localparam (VERI-2418) (D:\Work\adv7393_axi\src\adv7393_pkg.sv:63)
[EFX-0011 VERI-WARNING] parameter 'LINES_CNT_W' declared inside package 'adv7393_pkg' shall be treated as localparam (VERI-2418) (D:\Work\adv7393_axi\src\adv7393_pkg.sv:64)
[EFX-0011 VERI-WARNING] parameter 'LINE_LEN_ACT_T' declared inside package 'adv7393_pkg' shall be treated as localparam (VERI-2418) (D:\Work\adv7393_axi\src\adv7393_pkg.sv:66)
[EFX-0011 VERI-WARNING] parameter 'LINE_LEN_BLANK_T' declared inside package 'adv7393_pkg' shall be treated as localparam (VERI-2418) (D:\Work\adv7393_axi\src\adv7393_pkg.sv:67)
[EFX-0011 VERI-WARNING] parameter 'LINE_LEN_T' declared inside package 'adv7393_pkg' shall be treated as localparam (VERI-2418) (D:\Work\adv7393_axi\src\adv7393_pkg.sv:68)
[EFX-0011 VERI-WARNING] parameter 'LINE_LEN_CNT_W' declared inside package 'adv7393_pkg' shall be treated as localparam (VERI-2418) (D:\Work\adv7393_axi\src\adv7393_pkg.sv:69)
[EFX-0011 VERI-WARNING] parameter 'HSYNC_W' declared inside package 'adv7393_pkg' shall be treated as localparam (VERI-2418) (D:\Work\adv7393_axi\src\adv7393_pkg.sv:70)
[EFX-0011 VERI-WARNING] parameter 'OUT_DWIDTH' declared inside package 'adv7393_pkg' shall be treated as localparam (VERI-2418) (D:\Work\adv7393_axi\src\adv7393_pkg.sv:72)
[EFX-0011 VERI-WARNING] parameter 'PIXEL_SIZE' declared inside package 'adv7393_pkg' shall be treated as localparam (VERI-2418) (D:\Work\adv7393_axi\src\adv7393_pkg.sv:108)
[EFX-0011 VERI-WARNING] parameter 'PIXEL_STORED_SIZE' declared inside package 'adv7393_pkg' shall be treated as localparam (VERI-2418) (D:\Work\adv7393_axi\src\adv7393_pkg.sv:109)
[EFX-0011 VERI-WARNING] parameter 'COMPRESSED_WIDTH' declared inside package 'adv7393_pkg' shall be treated as localparam (VERI-2418) (D:\Work\adv7393_axi\src\adv7393_pkg.sv:110)
[EFX-0011 VERI-WARNING] variable 'ret' must explicitly be declared as automatic or static (VERI-2013) (D:\Work\adv7393_axi\src\adv7393_pkg.sv:113)
[EFX-0010 VERI-ERROR] cannot open include file 'macro.svh' (VERI-1245) (D:\Work\adv7393_axi\src\axi_pkg.sv:3)
[EFX-0010 VERI-ERROR] syntax error near '}' (VERI-1137) (D:\Work\adv7393_axi\src\axi_pkg.sv:23)
[EFX-0011 VERI-WARNING] use of undefined macro 'ALIGNED' (VERI-1158) (D:\Work\adv7393_axi\src\axi_pkg.sv:53)
[EFX-0010 VERI-ERROR] syntax error near ',' (VERI-1137) (D:\Work\adv7393_axi\src\axi_pkg.sv:53)
[EFX-0010 VERI-ERROR] syntax error near 'transSizeInBytes' (VERI-1137) (D:\Work\adv7393_axi\src\axi_pkg.sv:58)
[EFX-0010 VERI-ERROR] syntax error near 'burstLenFloor' (VERI-1137) (D:\Work\adv7393_axi\src\axi_pkg.sv:59)
[EFX-0010 VERI-ERROR] syntax error near ',' (VERI-1137) (D:\Work\adv7393_axi\src\axi_pkg.sv:60)
[EFX-0010 VERI-ERROR] syntax error near 'else' (VERI-1137) (D:\Work\adv7393_axi\src\axi_pkg.sv:62)
[EFX-0010 VERI-ERROR] SystemVerilog 2009 keyword 'else' used in incorrect context (VERI-2344) (D:\Work\adv7393_axi\src\axi_pkg.sv:62)
[EFX-0010 VERI-ERROR] 'AxiResp_t' is not a valid package or class type prefix for '::' (VERI-1677) (D:\Work\adv7393_axi\src\axi_pkg.sv:71)
[EFX-0010 VERI-ERROR] 'transSizeInBytes' is not declared (VERI-1128) (D:\Work\adv7393_axi\src\axi_pkg.sv:58)
[EFX-0010 VERI-ERROR] 'burstLenFloor' is not declared (VERI-1128) (D:\Work\adv7393_axi\src\axi_pkg.sv:59)
[EFX-0010 VERI-ERROR] 'burstLenFloor' is not declared (VERI-1128) (D:\Work\adv7393_axi\src\axi_pkg.sv:61)
[EFX-0010 VERI-ERROR] 'burstLenFloor' is not declared (VERI-1128) (D:\Work\adv7393_axi\src\axi_pkg.sv:63)
[EFX-0010 VERI-ERROR] package 'axi_pkg' is ignored due to previous errors (VERI-1072) (D:\Work\adv7393_axi\src\axi_pkg.sv:74)

///////////////////////////////////
// Efinity Synthesis Started 
// Feb 11, 2023 07:54:58
///////////////////////////////////

[EFX-0010 VERI-ERROR] cannot open Verilog file 'C:\Users\Admin\Documents\Virtual Machines\Windows 10 x64\data\Martynov\adv7393_axi\src\adv7393_frame_ctrl.sv' (SORT-1002) 
[EFX-0010 VERI-ERROR] cannot open Verilog file 'C:\Users\Admin\Documents\Virtual Machines\Windows 10 x64\data\Martynov\adv7393_axi\src\adv7393_interface.sv' (SORT-1002) 
[EFX-0010 VERI-ERROR] cannot open Verilog file 'C:\Users\Admin\Documents\Virtual Machines\Windows 10 x64\data\Martynov\adv7393_axi\src\adv7393_line_buffer.sv' (SORT-1002) 
[EFX-0010 VERI-ERROR] cannot open Verilog file 'C:\Users\Admin\Documents\Virtual Machines\Windows 10 x64\data\Martynov\adv7393_axi\src\adv7393_pkg.sv' (SORT-1002) 
[EFX-0010 VERI-ERROR] cannot open Verilog file 'C:\Users\Admin\Documents\Virtual Machines\Windows 10 x64\data\Martynov\adv7393_axi\src\adv7393_sync_gen.sv' (SORT-1002) 
[EFX-0010 VERI-ERROR] cannot open Verilog file 'C:\Users\Admin\Documents\Virtual Machines\Windows 10 x64\data\Martynov\adv7393_axi\src\adv7393_top.sv' (SORT-1002) 
[EFX-0010 VERI-ERROR] cannot open Verilog file 'C:\Users\Admin\Documents\Virtual Machines\Windows 10 x64\data\Martynov\adv7393_axi\src\adv7393_top_tb.sv' (SORT-1002) 
[EFX-0010 VERI-ERROR] cannot open Verilog file 'C:\Users\Admin\Documents\Virtual Machines\Windows 10 x64\data\Martynov\adv7393_axi\src\axi_master_rd.sv' (SORT-1002) 
[EFX-0010 VERI-ERROR] cannot open Verilog file 'C:\Users\Admin\Documents\Virtual Machines\Windows 10 x64\data\Martynov\adv7393_axi\src\axi_pkg.sv' (SORT-1002) 
[EFX-0010 VERI-ERROR] cannot open Verilog file 'C:\Users\Admin\Documents\Virtual Machines\Windows 10 x64\data\Martynov\adv7393_axi\src\fifo_rd_dconv.sv' (SORT-1002) 
[EFX-0012 VERI-INFO] default VHDL library search path is now "D:/Efinity/2022.1/sim_models/vhdl/packages/vhdl_2008" (VHDL-1504) 
[EFX-0021 ERROR] Verific elaboration of module '' failed.

///////////////////////////////////
// Efinity Synthesis Started 
// Feb 11, 2023 07:57:54
///////////////////////////////////

[EFX-0010 VERI-ERROR] cannot open include file 'macro.svh' (SORT-1015) (d:\Work\adv7393_axi\src\adv7393_pkg.sv:3)
[EFX-0010 VERI-ERROR] cannot open include file 'macro.svh' (SORT-1015) (d:\Work\adv7393_axi\src\adv7393_sync_gen.sv:23)
[EFX-0010 VERI-ERROR] cannot open include file 'macro.svh' (SORT-1015) (d:\Work\adv7393_axi\src\axi_pkg.sv:3)
[EFX-0010 VERI-ERROR] cannot open include file 'macro.svh' (SORT-1015) (d:\Work\adv7393_axi\src\fifo_rd_dconv.sv:23)
[EFX-0012 VERI-INFO] default VHDL library search path is now "D:/Efinity/2022.1/sim_models/vhdl/packages/vhdl_2008" (VHDL-1504) 
[EFX-0010 VERI-ERROR] cannot open include file 'macro.svh' (VERI-1245) (d:\Work\adv7393_axi\src\adv7393_pkg.sv:3)
[EFX-0011 VERI-WARNING] converting concatenation to assignment pattern (VERI-1905) (d:\Work\adv7393_axi\src\adv7393_pkg.sv:93)
[EFX-0011 VERI-WARNING] use of undefined macro 'IN_RANGE_NN' (VERI-1158) (d:\Work\adv7393_axi\src\adv7393_pkg.sv:153)
[EFX-0010 VERI-ERROR] syntax error near ',' (VERI-1137) (d:\Work\adv7393_axi\src\adv7393_pkg.sv:153)
[EFX-0011 VERI-WARNING] use of undefined macro 'REVERSE_VECTOR_FUNC' (VERI-1158) (d:\Work\adv7393_axi\src\adv7393_pkg.sv:156)
[EFX-0011 VERI-WARNING] parameter 'M_AXI_DWIDTH' declared inside package 'adv7393_pkg' shall be treated as localparam (VERI-2418) (d:\Work\adv7393_axi\src\adv7393_pkg.sv:6)
[EFX-0011 VERI-WARNING] parameter 'S_AXI_DWIDTH' declared inside package 'adv7393_pkg' shall be treated as localparam (VERI-2418) (d:\Work\adv7393_axi\src\adv7393_pkg.sv:7)
[EFX-0011 VERI-WARNING] parameter 'S_AXI_AWIDTH' declared inside package 'adv7393_pkg' shall be treated as localparam (VERI-2418) (d:\Work\adv7393_axi\src\adv7393_pkg.sv:8)
[EFX-0011 VERI-WARNING] parameter 'CSR_ENABLE' declared inside package 'adv7393_pkg' shall be treated as localparam (VERI-2418) (d:\Work\adv7393_axi\src\adv7393_pkg.sv:9)
[EFX-0011 VERI-WARNING] parameter 'TEST_ENABLE' declared inside package 'adv7393_pkg' shall be treated as localparam (VERI-2418) (d:\Work\adv7393_axi\src\adv7393_pkg.sv:10)
[EFX-0011 VERI-WARNING] parameter 'VERSION' declared inside package 'adv7393_pkg' shall be treated as localparam (VERI-2418) (d:\Work\adv7393_axi\src\adv7393_pkg.sv:11)
[EFX-0011 VERI-WARNING] parameter 'REG_WIDTH' declared inside package 'adv7393_pkg' shall be treated as localparam (VERI-2418) (d:\Work\adv7393_axi\src\adv7393_pkg.sv:13)
[EFX-0011 VERI-WARNING] parameter 'PIXELS_PER_SYMBOL' declared inside package 'adv7393_pkg' shall be treated as localparam (VERI-2418) (d:\Work\adv7393_axi\src\adv7393_pkg.sv:14)
[EFX-0011 VERI-WARNING] parameter 'BASE' declared inside package 'adv7393_pkg' shall be treated as localparam (VERI-2418) (d:\Work\adv7393_axi\src\adv7393_pkg.sv:56)
[EFX-0011 VERI-WARNING] parameter 'LINE_STEP' declared inside package 'adv7393_pkg' shall be treated as localparam (VERI-2418) (d:\Work\adv7393_axi\src\adv7393_pkg.sv:57)
[EFX-0011 VERI-WARNING] parameter 'COUNT' declared inside package 'adv7393_pkg' shall be treated as localparam (VERI-2418) (d:\Work\adv7393_axi\src\adv7393_pkg.sv:58)
[EFX-0011 VERI-WARNING] parameter 'LINE_LEN' declared inside package 'adv7393_pkg' shall be treated as localparam (VERI-2418) (d:\Work\adv7393_axi\src\adv7393_pkg.sv:60)
[EFX-0011 VERI-WARNING] parameter 'LINES' declared inside package 'adv7393_pkg' shall be treated as localparam (VERI-2418) (d:\Work\adv7393_axi\src\adv7393_pkg.sv:61)
[EFX-0011 VERI-WARNING] parameter 'BUFFER_DEPTH' declared inside package 'adv7393_pkg' shall be treated as localparam (VERI-2418) (d:\Work\adv7393_axi\src\adv7393_pkg.sv:62)
[EFX-0011 VERI-WARNING] parameter 'BUFFER_COUNT' declared inside package 'adv7393_pkg' shall be treated as localparam (VERI-2418) (d:\Work\adv7393_axi\src\adv7393_pkg.sv:63)
[EFX-0011 VERI-WARNING] parameter 'BUFFER_SIZE' declared inside package 'adv7393_pkg' shall be treated as localparam (VERI-2418) (d:\Work\adv7393_axi\src\adv7393_pkg.sv:64)
[EFX-0011 VERI-WARNING] parameter 'LINES_CNT_W' declared inside package 'adv7393_pkg' shall be treated as localparam (VERI-2418) (d:\Work\adv7393_axi\src\adv7393_pkg.sv:65)
[EFX-0011 VERI-WARNING] parameter 'LINE_LEN_ACT_T' declared inside package 'adv7393_pkg' shall be treated as localparam (VERI-2418) (d:\Work\adv7393_axi\src\adv7393_pkg.sv:67)
[EFX-0011 VERI-WARNING] parameter 'LINE_LEN_BLANK_T' declared inside package 'adv7393_pkg' shall be treated as localparam (VERI-2418) (d:\Work\adv7393_axi\src\adv7393_pkg.sv:68)
[EFX-0011 VERI-WARNING] parameter 'LINE_LEN_T' declared inside package 'adv7393_pkg' shall be treated as localparam (VERI-2418) (d:\Work\adv7393_axi\src\adv7393_pkg.sv:69)
[EFX-0011 VERI-WARNING] parameter 'LINE_LEN_CNT_W' declared inside package 'adv7393_pkg' shall be treated as localparam (VERI-2418) (d:\Work\adv7393_axi\src\adv7393_pkg.sv:70)
[EFX-0011 VERI-WARNING] parameter 'HSYNC_W' declared inside package 'adv7393_pkg' shall be treated as localparam (VERI-2418) (d:\Work\adv7393_axi\src\adv7393_pkg.sv:71)
[EFX-0011 VERI-WARNING] parameter 'OUT_DWIDTH' declared inside package 'adv7393_pkg' shall be treated as localparam (VERI-2418) (d:\Work\adv7393_axi\src\adv7393_pkg.sv:73)
[EFX-0011 VERI-WARNING] parameter 'PIXEL_SIZE' declared inside package 'adv7393_pkg' shall be treated as localparam (VERI-2418) (d:\Work\adv7393_axi\src\adv7393_pkg.sv:108)
[EFX-0011 VERI-WARNING] parameter 'PIXEL_STORED_SIZE' declared inside package 'adv7393_pkg' shall be treated as localparam (VERI-2418) (d:\Work\adv7393_axi\src\adv7393_pkg.sv:109)
[EFX-0011 VERI-WARNING] parameter 'COMPRESSED_WIDTH' declared inside package 'adv7393_pkg' shall be treated as localparam (VERI-2418) (d:\Work\adv7393_axi\src\adv7393_pkg.sv:110)
[EFX-0011 VERI-WARNING] variable 'ret' must explicitly be declared as automatic or static (VERI-2013) (d:\Work\adv7393_axi\src\adv7393_pkg.sv:113)
[EFX-0010 VERI-ERROR] package 'adv7393_pkg' is ignored due to previous errors (VERI-1072) (d:\Work\adv7393_axi\src\adv7393_pkg.sv:165)

///////////////////////////////////
// Efinity Synthesis Started 
// Feb 11, 2023 07:58:18
///////////////////////////////////

[EFX-0010 VERI-ERROR] cannot open include file 'macro.svh' (SORT-1015) (d:\Work\adv7393_axi\src\adv7393_pkg.sv:3)
[EFX-0010 VERI-ERROR] cannot open include file 'macro.svh' (SORT-1015) (d:\Work\adv7393_axi\src\adv7393_sync_gen.sv:23)
[EFX-0010 VERI-ERROR] cannot open include file 'macro.svh' (SORT-1015) (d:\Work\adv7393_axi\src\axi_pkg.sv:3)
[EFX-0010 VERI-ERROR] cannot open include file 'macro.svh' (SORT-1015) (d:\Work\adv7393_axi\src\fifo_rd_dconv.sv:23)
[EFX-0012 VERI-INFO] default VHDL library search path is now "D:/Efinity/2022.1/sim_models/vhdl/packages/vhdl_2008" (VHDL-1504) 
[EFX-0010 VERI-ERROR] cannot open include file 'macro.svh' (VERI-1245) (d:\Work\adv7393_axi\src\adv7393_pkg.sv:3)
[EFX-0011 VERI-WARNING] converting concatenation to assignment pattern (VERI-1905) (d:\Work\adv7393_axi\src\adv7393_pkg.sv:93)
[EFX-0011 VERI-WARNING] use of undefined macro 'IN_RANGE_NN' (VERI-1158) (d:\Work\adv7393_axi\src\adv7393_pkg.sv:153)
[EFX-0010 VERI-ERROR] syntax error near ',' (VERI-1137) (d:\Work\adv7393_axi\src\adv7393_pkg.sv:153)
[EFX-0011 VERI-WARNING] use of undefined macro 'REVERSE_VECTOR_FUNC' (VERI-1158) (d:\Work\adv7393_axi\src\adv7393_pkg.sv:156)
[EFX-0011 VERI-WARNING] parameter 'M_AXI_DWIDTH' declared inside package 'adv7393_pkg' shall be treated as localparam (VERI-2418) (d:\Work\adv7393_axi\src\adv7393_pkg.sv:6)
[EFX-0011 VERI-WARNING] parameter 'S_AXI_DWIDTH' declared inside package 'adv7393_pkg' shall be treated as localparam (VERI-2418) (d:\Work\adv7393_axi\src\adv7393_pkg.sv:7)
[EFX-0011 VERI-WARNING] parameter 'S_AXI_AWIDTH' declared inside package 'adv7393_pkg' shall be treated as localparam (VERI-2418) (d:\Work\adv7393_axi\src\adv7393_pkg.sv:8)
[EFX-0011 VERI-WARNING] parameter 'CSR_ENABLE' declared inside package 'adv7393_pkg' shall be treated as localparam (VERI-2418) (d:\Work\adv7393_axi\src\adv7393_pkg.sv:9)
[EFX-0011 VERI-WARNING] parameter 'TEST_ENABLE' declared inside package 'adv7393_pkg' shall be treated as localparam (VERI-2418) (d:\Work\adv7393_axi\src\adv7393_pkg.sv:10)
[EFX-0011 VERI-WARNING] parameter 'VERSION' declared inside package 'adv7393_pkg' shall be treated as localparam (VERI-2418) (d:\Work\adv7393_axi\src\adv7393_pkg.sv:11)
[EFX-0011 VERI-WARNING] parameter 'REG_WIDTH' declared inside package 'adv7393_pkg' shall be treated as localparam (VERI-2418) (d:\Work\adv7393_axi\src\adv7393_pkg.sv:13)
[EFX-0011 VERI-WARNING] parameter 'PIXELS_PER_SYMBOL' declared inside package 'adv7393_pkg' shall be treated as localparam (VERI-2418) (d:\Work\adv7393_axi\src\adv7393_pkg.sv:14)
[EFX-0011 VERI-WARNING] parameter 'BASE' declared inside package 'adv7393_pkg' shall be treated as localparam (VERI-2418) (d:\Work\adv7393_axi\src\adv7393_pkg.sv:56)
[EFX-0011 VERI-WARNING] parameter 'LINE_STEP' declared inside package 'adv7393_pkg' shall be treated as localparam (VERI-2418) (d:\Work\adv7393_axi\src\adv7393_pkg.sv:57)
[EFX-0011 VERI-WARNING] parameter 'COUNT' declared inside package 'adv7393_pkg' shall be treated as localparam (VERI-2418) (d:\Work\adv7393_axi\src\adv7393_pkg.sv:58)
[EFX-0011 VERI-WARNING] parameter 'LINE_LEN' declared inside package 'adv7393_pkg' shall be treated as localparam (VERI-2418) (d:\Work\adv7393_axi\src\adv7393_pkg.sv:60)
[EFX-0011 VERI-WARNING] parameter 'LINES' declared inside package 'adv7393_pkg' shall be treated as localparam (VERI-2418) (d:\Work\adv7393_axi\src\adv7393_pkg.sv:61)
[EFX-0011 VERI-WARNING] parameter 'BUFFER_DEPTH' declared inside package 'adv7393_pkg' shall be treated as localparam (VERI-2418) (d:\Work\adv7393_axi\src\adv7393_pkg.sv:62)
[EFX-0011 VERI-WARNING] parameter 'BUFFER_COUNT' declared inside package 'adv7393_pkg' shall be treated as localparam (VERI-2418) (d:\Work\adv7393_axi\src\adv7393_pkg.sv:63)
[EFX-0011 VERI-WARNING] parameter 'BUFFER_SIZE' declared inside package 'adv7393_pkg' shall be treated as localparam (VERI-2418) (d:\Work\adv7393_axi\src\adv7393_pkg.sv:64)
[EFX-0011 VERI-WARNING] parameter 'LINES_CNT_W' declared inside package 'adv7393_pkg' shall be treated as localparam (VERI-2418) (d:\Work\adv7393_axi\src\adv7393_pkg.sv:65)
[EFX-0011 VERI-WARNING] parameter 'LINE_LEN_ACT_T' declared inside package 'adv7393_pkg' shall be treated as localparam (VERI-2418) (d:\Work\adv7393_axi\src\adv7393_pkg.sv:67)
[EFX-0011 VERI-WARNING] parameter 'LINE_LEN_BLANK_T' declared inside package 'adv7393_pkg' shall be treated as localparam (VERI-2418) (d:\Work\adv7393_axi\src\adv7393_pkg.sv:68)
[EFX-0011 VERI-WARNING] parameter 'LINE_LEN_T' declared inside package 'adv7393_pkg' shall be treated as localparam (VERI-2418) (d:\Work\adv7393_axi\src\adv7393_pkg.sv:69)
[EFX-0011 VERI-WARNING] parameter 'LINE_LEN_CNT_W' declared inside package 'adv7393_pkg' shall be treated as localparam (VERI-2418) (d:\Work\adv7393_axi\src\adv7393_pkg.sv:70)
[EFX-0011 VERI-WARNING] parameter 'HSYNC_W' declared inside package 'adv7393_pkg' shall be treated as localparam (VERI-2418) (d:\Work\adv7393_axi\src\adv7393_pkg.sv:71)
[EFX-0011 VERI-WARNING] parameter 'OUT_DWIDTH' declared inside package 'adv7393_pkg' shall be treated as localparam (VERI-2418) (d:\Work\adv7393_axi\src\adv7393_pkg.sv:73)
[EFX-0011 VERI-WARNING] parameter 'PIXEL_SIZE' declared inside package 'adv7393_pkg' shall be treated as localparam (VERI-2418) (d:\Work\adv7393_axi\src\adv7393_pkg.sv:108)
[EFX-0011 VERI-WARNING] parameter 'PIXEL_STORED_SIZE' declared inside package 'adv7393_pkg' shall be treated as localparam (VERI-2418) (d:\Work\adv7393_axi\src\adv7393_pkg.sv:109)
[EFX-0011 VERI-WARNING] parameter 'COMPRESSED_WIDTH' declared inside package 'adv7393_pkg' shall be treated as localparam (VERI-2418) (d:\Work\adv7393_axi\src\adv7393_pkg.sv:110)
[EFX-0011 VERI-WARNING] variable 'ret' must explicitly be declared as automatic or static (VERI-2013) (d:\Work\adv7393_axi\src\adv7393_pkg.sv:113)
[EFX-0010 VERI-ERROR] package 'adv7393_pkg' is ignored due to previous errors (VERI-1072) (d:\Work\adv7393_axi\src\adv7393_pkg.sv:165)

///////////////////////////////////
// Efinity Synthesis Started 
// Feb 11, 2023 08:05:49
///////////////////////////////////

[EFX-0010 VERI-ERROR] cannot open include file 'macro.svh' (SORT-1015) (D:\Work\adv7393_axi\src\adv7393_pkg.sv:3)
[EFX-0010 VERI-ERROR] cannot open include file 'macro.svh' (SORT-1015) (D:\Work\adv7393_axi\src\adv7393_sync_gen.sv:23)
[EFX-0010 VERI-ERROR] cannot open include file 'macro.svh' (SORT-1015) (D:\Work\adv7393_axi\src\axi_pkg.sv:3)
[EFX-0010 VERI-ERROR] cannot open include file 'macro.svh' (SORT-1015) (D:\Work\adv7393_axi\src\fifo_rd_dconv.sv:23)
[EFX-0012 VERI-INFO] default VHDL library search path is now "D:/Efinity/2022.1/sim_models/vhdl/packages/vhdl_2008" (VHDL-1504) 
[EFX-0010 VERI-ERROR] cannot open include file 'macro.svh' (VERI-1245) (D:\Work\adv7393_axi\src\adv7393_pkg.sv:3)
[EFX-0011 VERI-WARNING] converting concatenation to assignment pattern (VERI-1905) (D:\Work\adv7393_axi\src\adv7393_pkg.sv:93)
[EFX-0011 VERI-WARNING] use of undefined macro 'IN_RANGE_NN' (VERI-1158) (D:\Work\adv7393_axi\src\adv7393_pkg.sv:153)
[EFX-0010 VERI-ERROR] syntax error near ',' (VERI-1137) (D:\Work\adv7393_axi\src\adv7393_pkg.sv:153)
[EFX-0011 VERI-WARNING] use of undefined macro 'REVERSE_VECTOR_FUNC' (VERI-1158) (D:\Work\adv7393_axi\src\adv7393_pkg.sv:156)
[EFX-0011 VERI-WARNING] parameter 'M_AXI_DWIDTH' declared inside package 'adv7393_pkg' shall be treated as localparam (VERI-2418) (D:\Work\adv7393_axi\src\adv7393_pkg.sv:6)
[EFX-0011 VERI-WARNING] parameter 'S_AXI_DWIDTH' declared inside package 'adv7393_pkg' shall be treated as localparam (VERI-2418) (D:\Work\adv7393_axi\src\adv7393_pkg.sv:7)
[EFX-0011 VERI-WARNING] parameter 'S_AXI_AWIDTH' declared inside package 'adv7393_pkg' shall be treated as localparam (VERI-2418) (D:\Work\adv7393_axi\src\adv7393_pkg.sv:8)
[EFX-0011 VERI-WARNING] parameter 'CSR_ENABLE' declared inside package 'adv7393_pkg' shall be treated as localparam (VERI-2418) (D:\Work\adv7393_axi\src\adv7393_pkg.sv:9)
[EFX-0011 VERI-WARNING] parameter 'TEST_ENABLE' declared inside package 'adv7393_pkg' shall be treated as localparam (VERI-2418) (D:\Work\adv7393_axi\src\adv7393_pkg.sv:10)
[EFX-0011 VERI-WARNING] parameter 'VERSION' declared inside package 'adv7393_pkg' shall be treated as localparam (VERI-2418) (D:\Work\adv7393_axi\src\adv7393_pkg.sv:11)
[EFX-0011 VERI-WARNING] parameter 'REG_WIDTH' declared inside package 'adv7393_pkg' shall be treated as localparam (VERI-2418) (D:\Work\adv7393_axi\src\adv7393_pkg.sv:13)
[EFX-0011 VERI-WARNING] parameter 'PIXELS_PER_SYMBOL' declared inside package 'adv7393_pkg' shall be treated as localparam (VERI-2418) (D:\Work\adv7393_axi\src\adv7393_pkg.sv:14)
[EFX-0011 VERI-WARNING] parameter 'BASE' declared inside package 'adv7393_pkg' shall be treated as localparam (VERI-2418) (D:\Work\adv7393_axi\src\adv7393_pkg.sv:56)
[EFX-0011 VERI-WARNING] parameter 'LINE_STEP' declared inside package 'adv7393_pkg' shall be treated as localparam (VERI-2418) (D:\Work\adv7393_axi\src\adv7393_pkg.sv:57)
[EFX-0011 VERI-WARNING] parameter 'COUNT' declared inside package 'adv7393_pkg' shall be treated as localparam (VERI-2418) (D:\Work\adv7393_axi\src\adv7393_pkg.sv:58)
[EFX-0011 VERI-WARNING] parameter 'LINE_LEN' declared inside package 'adv7393_pkg' shall be treated as localparam (VERI-2418) (D:\Work\adv7393_axi\src\adv7393_pkg.sv:60)
[EFX-0011 VERI-WARNING] parameter 'LINES' declared inside package 'adv7393_pkg' shall be treated as localparam (VERI-2418) (D:\Work\adv7393_axi\src\adv7393_pkg.sv:61)
[EFX-0011 VERI-WARNING] parameter 'BUFFER_DEPTH' declared inside package 'adv7393_pkg' shall be treated as localparam (VERI-2418) (D:\Work\adv7393_axi\src\adv7393_pkg.sv:62)
[EFX-0011 VERI-WARNING] parameter 'BUFFER_COUNT' declared inside package 'adv7393_pkg' shall be treated as localparam (VERI-2418) (D:\Work\adv7393_axi\src\adv7393_pkg.sv:63)
[EFX-0011 VERI-WARNING] parameter 'BUFFER_SIZE' declared inside package 'adv7393_pkg' shall be treated as localparam (VERI-2418) (D:\Work\adv7393_axi\src\adv7393_pkg.sv:64)
[EFX-0011 VERI-WARNING] parameter 'LINES_CNT_W' declared inside package 'adv7393_pkg' shall be treated as localparam (VERI-2418) (D:\Work\adv7393_axi\src\adv7393_pkg.sv:65)
[EFX-0011 VERI-WARNING] parameter 'LINE_LEN_ACT_T' declared inside package 'adv7393_pkg' shall be treated as localparam (VERI-2418) (D:\Work\adv7393_axi\src\adv7393_pkg.sv:67)
[EFX-0011 VERI-WARNING] parameter 'LINE_LEN_BLANK_T' declared inside package 'adv7393_pkg' shall be treated as localparam (VERI-2418) (D:\Work\adv7393_axi\src\adv7393_pkg.sv:68)
[EFX-0011 VERI-WARNING] parameter 'LINE_LEN_T' declared inside package 'adv7393_pkg' shall be treated as localparam (VERI-2418) (D:\Work\adv7393_axi\src\adv7393_pkg.sv:69)
[EFX-0011 VERI-WARNING] parameter 'LINE_LEN_CNT_W' declared inside package 'adv7393_pkg' shall be treated as localparam (VERI-2418) (D:\Work\adv7393_axi\src\adv7393_pkg.sv:70)
[EFX-0011 VERI-WARNING] parameter 'HSYNC_W' declared inside package 'adv7393_pkg' shall be treated as localparam (VERI-2418) (D:\Work\adv7393_axi\src\adv7393_pkg.sv:71)
[EFX-0011 VERI-WARNING] parameter 'OUT_DWIDTH' declared inside package 'adv7393_pkg' shall be treated as localparam (VERI-2418) (D:\Work\adv7393_axi\src\adv7393_pkg.sv:73)
[EFX-0011 VERI-WARNING] parameter 'PIXEL_SIZE' declared inside package 'adv7393_pkg' shall be treated as localparam (VERI-2418) (D:\Work\adv7393_axi\src\adv7393_pkg.sv:108)
[EFX-0011 VERI-WARNING] parameter 'PIXEL_STORED_SIZE' declared inside package 'adv7393_pkg' shall be treated as localparam (VERI-2418) (D:\Work\adv7393_axi\src\adv7393_pkg.sv:109)
[EFX-0011 VERI-WARNING] parameter 'COMPRESSED_WIDTH' declared inside package 'adv7393_pkg' shall be treated as localparam (VERI-2418) (D:\Work\adv7393_axi\src\adv7393_pkg.sv:110)
[EFX-0011 VERI-WARNING] variable 'ret' must explicitly be declared as automatic or static (VERI-2013) (D:\Work\adv7393_axi\src\adv7393_pkg.sv:113)
[EFX-0010 VERI-ERROR] package 'adv7393_pkg' is ignored due to previous errors (VERI-1072) (D:\Work\adv7393_axi\src\adv7393_pkg.sv:165)

///////////////////////////////////
// Efinity Synthesis Started 
// Feb 11, 2023 08:17:26
///////////////////////////////////

[EFX-0010 VERI-ERROR] cannot open include file 'macro.svh' (SORT-1015) (D:\Work\adv7393_axi\src\adv7393_pkg.sv:3)
[EFX-0010 VERI-ERROR] cannot open include file 'macro.svh' (SORT-1015) (D:\Work\adv7393_axi\src\adv7393_sync_gen.sv:23)
[EFX-0010 VERI-ERROR] cannot open include file 'macro.svh' (SORT-1015) (D:\Work\adv7393_axi\src\axi_pkg.sv:3)
[EFX-0010 VERI-ERROR] cannot open include file 'macro.svh' (SORT-1015) (D:\Work\adv7393_axi\src\fifo_rd_dconv.sv:23)
[EFX-0012 VERI-INFO] default VHDL library search path is now "D:/Efinity/2022.1/sim_models/vhdl/packages/vhdl_2008" (VHDL-1504) 
[EFX-0010 VERI-ERROR] cannot open include file 'macro.svh' (VERI-1245) (D:\Work\adv7393_axi\src\adv7393_pkg.sv:3)
[EFX-0011 VERI-WARNING] converting concatenation to assignment pattern (VERI-1905) (D:\Work\adv7393_axi\src\adv7393_pkg.sv:93)
[EFX-0011 VERI-WARNING] use of undefined macro 'IN_RANGE_NN' (VERI-1158) (D:\Work\adv7393_axi\src\adv7393_pkg.sv:153)
[EFX-0010 VERI-ERROR] syntax error near ',' (VERI-1137) (D:\Work\adv7393_axi\src\adv7393_pkg.sv:153)
[EFX-0011 VERI-WARNING] use of undefined macro 'REVERSE_VECTOR_FUNC' (VERI-1158) (D:\Work\adv7393_axi\src\adv7393_pkg.sv:156)
[EFX-0011 VERI-WARNING] parameter 'M_AXI_DWIDTH' declared inside package 'adv7393_pkg' shall be treated as localparam (VERI-2418) (D:\Work\adv7393_axi\src\adv7393_pkg.sv:6)
[EFX-0011 VERI-WARNING] parameter 'S_AXI_DWIDTH' declared inside package 'adv7393_pkg' shall be treated as localparam (VERI-2418) (D:\Work\adv7393_axi\src\adv7393_pkg.sv:7)
[EFX-0011 VERI-WARNING] parameter 'S_AXI_AWIDTH' declared inside package 'adv7393_pkg' shall be treated as localparam (VERI-2418) (D:\Work\adv7393_axi\src\adv7393_pkg.sv:8)
[EFX-0011 VERI-WARNING] parameter 'CSR_ENABLE' declared inside package 'adv7393_pkg' shall be treated as localparam (VERI-2418) (D:\Work\adv7393_axi\src\adv7393_pkg.sv:9)
[EFX-0011 VERI-WARNING] parameter 'TEST_ENABLE' declared inside package 'adv7393_pkg' shall be treated as localparam (VERI-2418) (D:\Work\adv7393_axi\src\adv7393_pkg.sv:10)
[EFX-0011 VERI-WARNING] parameter 'VERSION' declared inside package 'adv7393_pkg' shall be treated as localparam (VERI-2418) (D:\Work\adv7393_axi\src\adv7393_pkg.sv:11)
[EFX-0011 VERI-WARNING] parameter 'REG_WIDTH' declared inside package 'adv7393_pkg' shall be treated as localparam (VERI-2418) (D:\Work\adv7393_axi\src\adv7393_pkg.sv:13)
[EFX-0011 VERI-WARNING] parameter 'PIXELS_PER_SYMBOL' declared inside package 'adv7393_pkg' shall be treated as localparam (VERI-2418) (D:\Work\adv7393_axi\src\adv7393_pkg.sv:14)
[EFX-0011 VERI-WARNING] parameter 'BASE' declared inside package 'adv7393_pkg' shall be treated as localparam (VERI-2418) (D:\Work\adv7393_axi\src\adv7393_pkg.sv:56)
[EFX-0011 VERI-WARNING] parameter 'LINE_STEP' declared inside package 'adv7393_pkg' shall be treated as localparam (VERI-2418) (D:\Work\adv7393_axi\src\adv7393_pkg.sv:57)
[EFX-0011 VERI-WARNING] parameter 'COUNT' declared inside package 'adv7393_pkg' shall be treated as localparam (VERI-2418) (D:\Work\adv7393_axi\src\adv7393_pkg.sv:58)
[EFX-0011 VERI-WARNING] parameter 'LINE_LEN' declared inside package 'adv7393_pkg' shall be treated as localparam (VERI-2418) (D:\Work\adv7393_axi\src\adv7393_pkg.sv:60)
[EFX-0011 VERI-WARNING] parameter 'LINES' declared inside package 'adv7393_pkg' shall be treated as localparam (VERI-2418) (D:\Work\adv7393_axi\src\adv7393_pkg.sv:61)
[EFX-0011 VERI-WARNING] parameter 'BUFFER_DEPTH' declared inside package 'adv7393_pkg' shall be treated as localparam (VERI-2418) (D:\Work\adv7393_axi\src\adv7393_pkg.sv:62)
[EFX-0011 VERI-WARNING] parameter 'BUFFER_COUNT' declared inside package 'adv7393_pkg' shall be treated as localparam (VERI-2418) (D:\Work\adv7393_axi\src\adv7393_pkg.sv:63)
[EFX-0011 VERI-WARNING] parameter 'BUFFER_SIZE' declared inside package 'adv7393_pkg' shall be treated as localparam (VERI-2418) (D:\Work\adv7393_axi\src\adv7393_pkg.sv:64)
[EFX-0011 VERI-WARNING] parameter 'LINES_CNT_W' declared inside package 'adv7393_pkg' shall be treated as localparam (VERI-2418) (D:\Work\adv7393_axi\src\adv7393_pkg.sv:65)
[EFX-0011 VERI-WARNING] parameter 'LINE_LEN_ACT_T' declared inside package 'adv7393_pkg' shall be treated as localparam (VERI-2418) (D:\Work\adv7393_axi\src\adv7393_pkg.sv:67)
[EFX-0011 VERI-WARNING] parameter 'LINE_LEN_BLANK_T' declared inside package 'adv7393_pkg' shall be treated as localparam (VERI-2418) (D:\Work\adv7393_axi\src\adv7393_pkg.sv:68)
[EFX-0011 VERI-WARNING] parameter 'LINE_LEN_T' declared inside package 'adv7393_pkg' shall be treated as localparam (VERI-2418) (D:\Work\adv7393_axi\src\adv7393_pkg.sv:69)
[EFX-0011 VERI-WARNING] parameter 'LINE_LEN_CNT_W' declared inside package 'adv7393_pkg' shall be treated as localparam (VERI-2418) (D:\Work\adv7393_axi\src\adv7393_pkg.sv:70)
[EFX-0011 VERI-WARNING] parameter 'HSYNC_W' declared inside package 'adv7393_pkg' shall be treated as localparam (VERI-2418) (D:\Work\adv7393_axi\src\adv7393_pkg.sv:71)
[EFX-0011 VERI-WARNING] parameter 'OUT_DWIDTH' declared inside package 'adv7393_pkg' shall be treated as localparam (VERI-2418) (D:\Work\adv7393_axi\src\adv7393_pkg.sv:73)
[EFX-0011 VERI-WARNING] parameter 'PIXEL_SIZE' declared inside package 'adv7393_pkg' shall be treated as localparam (VERI-2418) (D:\Work\adv7393_axi\src\adv7393_pkg.sv:108)
[EFX-0011 VERI-WARNING] parameter 'PIXEL_STORED_SIZE' declared inside package 'adv7393_pkg' shall be treated as localparam (VERI-2418) (D:\Work\adv7393_axi\src\adv7393_pkg.sv:109)
[EFX-0011 VERI-WARNING] parameter 'COMPRESSED_WIDTH' declared inside package 'adv7393_pkg' shall be treated as localparam (VERI-2418) (D:\Work\adv7393_axi\src\adv7393_pkg.sv:110)
[EFX-0011 VERI-WARNING] variable 'ret' must explicitly be declared as automatic or static (VERI-2013) (D:\Work\adv7393_axi\src\adv7393_pkg.sv:113)
[EFX-0010 VERI-ERROR] package 'adv7393_pkg' is ignored due to previous errors (VERI-1072) (D:\Work\adv7393_axi\src\adv7393_pkg.sv:165)

///////////////////////////////////
// Efinity Synthesis Started 
// Feb 11, 2023 08:20:37
///////////////////////////////////

[EFX-0010 VERI-ERROR] cannot open include file 'macro.svh' (SORT-1015) (D:\Work\adv7393_axi\src\adv7393_pkg.sv:3)
[EFX-0010 VERI-ERROR] cannot open include file 'macro.svh' (SORT-1015) (D:\Work\adv7393_axi\src\adv7393_sync_gen.sv:23)
[EFX-0010 VERI-ERROR] cannot open include file 'macro.svh' (SORT-1015) (D:\Work\adv7393_axi\src\axi_pkg.sv:3)
[EFX-0010 VERI-ERROR] cannot open include file 'macro.svh' (SORT-1015) (D:\Work\adv7393_axi\src\fifo_rd_dconv.sv:23)
[EFX-0012 VERI-INFO] default VHDL library search path is now "D:/Efinity/2022.1/sim_models/vhdl/packages/vhdl_2008" (VHDL-1504) 
[EFX-0010 VERI-ERROR] cannot open include file 'macro.svh' (VERI-1245) (D:\Work\adv7393_axi\src\adv7393_pkg.sv:3)
[EFX-0011 VERI-WARNING] converting concatenation to assignment pattern (VERI-1905) (D:\Work\adv7393_axi\src\adv7393_pkg.sv:93)
[EFX-0011 VERI-WARNING] use of undefined macro 'IN_RANGE_NN' (VERI-1158) (D:\Work\adv7393_axi\src\adv7393_pkg.sv:153)
[EFX-0010 VERI-ERROR] syntax error near ',' (VERI-1137) (D:\Work\adv7393_axi\src\adv7393_pkg.sv:153)
[EFX-0011 VERI-WARNING] use of undefined macro 'REVERSE_VECTOR_FUNC' (VERI-1158) (D:\Work\adv7393_axi\src\adv7393_pkg.sv:156)
[EFX-0010 VERI-ERROR] syntax error near '=' (VERI-1137) (D:\Work\adv7393_axi\src\adv7393_pkg.sv:160)
[EFX-0011 VERI-WARNING] parameter 'M_AXI_DWIDTH' declared inside package 'adv7393_pkg' shall be treated as localparam (VERI-2418) (D:\Work\adv7393_axi\src\adv7393_pkg.sv:6)
[EFX-0011 VERI-WARNING] parameter 'S_AXI_DWIDTH' declared inside package 'adv7393_pkg' shall be treated as localparam (VERI-2418) (D:\Work\adv7393_axi\src\adv7393_pkg.sv:7)
[EFX-0011 VERI-WARNING] parameter 'S_AXI_AWIDTH' declared inside package 'adv7393_pkg' shall be treated as localparam (VERI-2418) (D:\Work\adv7393_axi\src\adv7393_pkg.sv:8)
[EFX-0011 VERI-WARNING] parameter 'CSR_ENABLE' declared inside package 'adv7393_pkg' shall be treated as localparam (VERI-2418) (D:\Work\adv7393_axi\src\adv7393_pkg.sv:9)
[EFX-0011 VERI-WARNING] parameter 'TEST_ENABLE' declared inside package 'adv7393_pkg' shall be treated as localparam (VERI-2418) (D:\Work\adv7393_axi\src\adv7393_pkg.sv:10)
[EFX-0011 VERI-WARNING] parameter 'VERSION' declared inside package 'adv7393_pkg' shall be treated as localparam (VERI-2418) (D:\Work\adv7393_axi\src\adv7393_pkg.sv:11)
[EFX-0011 VERI-WARNING] parameter 'REG_WIDTH' declared inside package 'adv7393_pkg' shall be treated as localparam (VERI-2418) (D:\Work\adv7393_axi\src\adv7393_pkg.sv:13)
[EFX-0011 VERI-WARNING] parameter 'PIXELS_PER_SYMBOL' declared inside package 'adv7393_pkg' shall be treated as localparam (VERI-2418) (D:\Work\adv7393_axi\src\adv7393_pkg.sv:14)
[EFX-0011 VERI-WARNING] parameter 'BASE' declared inside package 'adv7393_pkg' shall be treated as localparam (VERI-2418) (D:\Work\adv7393_axi\src\adv7393_pkg.sv:56)
[EFX-0011 VERI-WARNING] parameter 'LINE_STEP' declared inside package 'adv7393_pkg' shall be treated as localparam (VERI-2418) (D:\Work\adv7393_axi\src\adv7393_pkg.sv:57)
[EFX-0011 VERI-WARNING] parameter 'COUNT' declared inside package 'adv7393_pkg' shall be treated as localparam (VERI-2418) (D:\Work\adv7393_axi\src\adv7393_pkg.sv:58)
[EFX-0011 VERI-WARNING] parameter 'LINE_LEN' declared inside package 'adv7393_pkg' shall be treated as localparam (VERI-2418) (D:\Work\adv7393_axi\src\adv7393_pkg.sv:60)
[EFX-0011 VERI-WARNING] parameter 'LINES' declared inside package 'adv7393_pkg' shall be treated as localparam (VERI-2418) (D:\Work\adv7393_axi\src\adv7393_pkg.sv:61)
[EFX-0011 VERI-WARNING] parameter 'BUFFER_DEPTH' declared inside package 'adv7393_pkg' shall be treated as localparam (VERI-2418) (D:\Work\adv7393_axi\src\adv7393_pkg.sv:62)
[EFX-0011 VERI-WARNING] parameter 'BUFFER_COUNT' declared inside package 'adv7393_pkg' shall be treated as localparam (VERI-2418) (D:\Work\adv7393_axi\src\adv7393_pkg.sv:63)
[EFX-0011 VERI-WARNING] parameter 'BUFFER_SIZE' declared inside package 'adv7393_pkg' shall be treated as localparam (VERI-2418) (D:\Work\adv7393_axi\src\adv7393_pkg.sv:64)
[EFX-0011 VERI-WARNING] parameter 'LINES_CNT_W' declared inside package 'adv7393_pkg' shall be treated as localparam (VERI-2418) (D:\Work\adv7393_axi\src\adv7393_pkg.sv:65)
[EFX-0011 VERI-WARNING] parameter 'LINE_LEN_ACT_T' declared inside package 'adv7393_pkg' shall be treated as localparam (VERI-2418) (D:\Work\adv7393_axi\src\adv7393_pkg.sv:67)
[EFX-0011 VERI-WARNING] parameter 'LINE_LEN_BLANK_T' declared inside package 'adv7393_pkg' shall be treated as localparam (VERI-2418) (D:\Work\adv7393_axi\src\adv7393_pkg.sv:68)
[EFX-0011 VERI-WARNING] parameter 'LINE_LEN_T' declared inside package 'adv7393_pkg' shall be treated as localparam (VERI-2418) (D:\Work\adv7393_axi\src\adv7393_pkg.sv:69)
[EFX-0011 VERI-WARNING] parameter 'LINE_LEN_CNT_W' declared inside package 'adv7393_pkg' shall be treated as localparam (VERI-2418) (D:\Work\adv7393_axi\src\adv7393_pkg.sv:70)
[EFX-0011 VERI-WARNING] parameter 'HSYNC_W' declared inside package 'adv7393_pkg' shall be treated as localparam (VERI-2418) (D:\Work\adv7393_axi\src\adv7393_pkg.sv:71)
[EFX-0011 VERI-WARNING] parameter 'OUT_DWIDTH' declared inside package 'adv7393_pkg' shall be treated as localparam (VERI-2418) (D:\Work\adv7393_axi\src\adv7393_pkg.sv:73)
[EFX-0011 VERI-WARNING] parameter 'PIXEL_SIZE' declared inside package 'adv7393_pkg' shall be treated as localparam (VERI-2418) (D:\Work\adv7393_axi\src\adv7393_pkg.sv:108)
[EFX-0011 VERI-WARNING] parameter 'PIXEL_STORED_SIZE' declared inside package 'adv7393_pkg' shall be treated as localparam (VERI-2418) (D:\Work\adv7393_axi\src\adv7393_pkg.sv:109)
[EFX-0011 VERI-WARNING] parameter 'COMPRESSED_WIDTH' declared inside package 'adv7393_pkg' shall be treated as localparam (VERI-2418) (D:\Work\adv7393_axi\src\adv7393_pkg.sv:110)
[EFX-0011 VERI-WARNING] variable 'ret' must explicitly be declared as automatic or static (VERI-2013) (D:\Work\adv7393_axi\src\adv7393_pkg.sv:113)
[EFX-0010 VERI-ERROR] 'value' is not a type (VERI-1281) (D:\Work\adv7393_axi\src\adv7393_pkg.sv:160)
[EFX-0010 VERI-ERROR] package 'adv7393_pkg' is ignored due to previous errors (VERI-1072) (D:\Work\adv7393_axi\src\adv7393_pkg.sv:165)

///////////////////////////////////
// Efinity Synthesis Started 
// Feb 11, 2023 08:23:18
///////////////////////////////////

[EFX-0012 VERI-INFO] default VHDL library search path is now "D:/Efinity/2022.1/sim_models/vhdl/packages/vhdl_2008" (VHDL-1504) 
[EFX-0012 VERI-INFO] analyzing included file 'D:\Work\adv7393_axi\src/../src/import/macro.svh' (VERI-1328) (D:\Work\adv7393_axi\src\adv7393_pkg.sv:3)
[EFX-0010 VERI-ERROR] syntax error near 'end' (VERI-1137) (D:\Work\adv7393_axi\src/../src/import/macro.svh:22)
[EFX-0010 VERI-ERROR] SystemVerilog 2009 keyword 'end' used in incorrect context (VERI-2344) (D:\Work\adv7393_axi\src/../src/import/macro.svh:22)
[EFX-0012 VERI-INFO] back to file 'D:\Work\adv7393_axi\src\adv7393_pkg.sv' (VERI-2320) (D:\Work\adv7393_axi\src\adv7393_pkg.sv:3)
[EFX-0011 VERI-WARNING] converting concatenation to assignment pattern (VERI-1905) (D:\Work\adv7393_axi\src\adv7393_pkg.sv:93)
[EFX-0011 VERI-WARNING] use of undefined macro 'IN_RANGE_NN' (VERI-1158) (D:\Work\adv7393_axi\src\adv7393_pkg.sv:153)
[EFX-0010 VERI-ERROR] syntax error near ',' (VERI-1137) (D:\Work\adv7393_axi\src\adv7393_pkg.sv:153)
[EFX-0011 VERI-WARNING] use of undefined macro 'out' (VERI-1158) (D:\Work\adv7393_axi\src\adv7393_pkg.sv:156)
[EFX-0010 VERI-ERROR] syntax error near '\' (VERI-1137) (D:\Work\adv7393_axi\src\adv7393_pkg.sv:156)
[EFX-0010 VERI-ERROR] previous syntax error may be caused by expansion of macro 'REVERSE_VECTOR_FUNC' (VERI-2526) (D:\Work\adv7393_axi\src/../src/import/macro.svh:17)
[EFX-0010 VERI-ERROR] syntax error near 'pixel' (VERI-1137) (D:\Work\adv7393_axi\src\adv7393_pkg.sv:158)
[EFX-0010 VERI-ERROR] syntax error near '[' (VERI-1137) (D:\Work\adv7393_axi\src\adv7393_pkg.sv:159)
[EFX-0010 VERI-ERROR] syntax error near 'endfunction' (VERI-1137) (D:\Work\adv7393_axi\src\adv7393_pkg.sv:163)
[EFX-0010 VERI-ERROR] SystemVerilog 2009 keyword 'endfunction' used in incorrect context (VERI-2344) (D:\Work\adv7393_axi\src\adv7393_pkg.sv:163)

///////////////////////////////////
// Efinity Synthesis Started 
// Feb 11, 2023 08:23:39
///////////////////////////////////

[EFX-0012 VERI-INFO] default VHDL library search path is now "D:/Efinity/2022.1/sim_models/vhdl/packages/vhdl_2008" (VHDL-1504) 
[EFX-0012 VERI-INFO] analyzing included file 'D:\Work\adv7393_axi\src/../src/import/macro.svh' (VERI-1328) (D:\Work\adv7393_axi\src\adv7393_pkg.sv:3)
[EFX-0010 VERI-ERROR] syntax error near 'end' (VERI-1137) (D:\Work\adv7393_axi\src/../src/import/macro.svh:22)
[EFX-0010 VERI-ERROR] SystemVerilog 2009 keyword 'end' used in incorrect context (VERI-2344) (D:\Work\adv7393_axi\src/../src/import/macro.svh:22)
[EFX-0012 VERI-INFO] back to file 'D:\Work\adv7393_axi\src\adv7393_pkg.sv' (VERI-2320) (D:\Work\adv7393_axi\src\adv7393_pkg.sv:3)
[EFX-0011 VERI-WARNING] converting concatenation to assignment pattern (VERI-1905) (D:\Work\adv7393_axi\src\adv7393_pkg.sv:93)
[EFX-0011 VERI-WARNING] use of undefined macro 'IN_RANGE_NN' (VERI-1158) (D:\Work\adv7393_axi\src\adv7393_pkg.sv:153)
[EFX-0010 VERI-ERROR] syntax error near ',' (VERI-1137) (D:\Work\adv7393_axi\src\adv7393_pkg.sv:153)
[EFX-0011 VERI-WARNING] use of undefined macro 'out' (VERI-1158) (D:\Work\adv7393_axi\src\adv7393_pkg.sv:156)
[EFX-0010 VERI-ERROR] syntax error near '\' (VERI-1137) (D:\Work\adv7393_axi\src\adv7393_pkg.sv:156)
[EFX-0010 VERI-ERROR] previous syntax error may be caused by expansion of macro 'REVERSE_VECTOR_FUNC' (VERI-2526) (D:\Work\adv7393_axi\src/../src/import/macro.svh:17)
[EFX-0010 VERI-ERROR] syntax error near 'pixel' (VERI-1137) (D:\Work\adv7393_axi\src\adv7393_pkg.sv:158)
[EFX-0010 VERI-ERROR] syntax error near '[' (VERI-1137) (D:\Work\adv7393_axi\src\adv7393_pkg.sv:159)
[EFX-0010 VERI-ERROR] syntax error near 'endfunction' (VERI-1137) (D:\Work\adv7393_axi\src\adv7393_pkg.sv:163)
[EFX-0010 VERI-ERROR] SystemVerilog 2009 keyword 'endfunction' used in incorrect context (VERI-2344) (D:\Work\adv7393_axi\src\adv7393_pkg.sv:163)

///////////////////////////////////
// Efinity Synthesis Started 
// Feb 11, 2023 08:31:20
///////////////////////////////////

[EFX-0012 VERI-INFO] default VHDL library search path is now "D:/Efinity/2022.1/sim_models/vhdl/packages/vhdl_2008" (VHDL-1504) 
[EFX-0011 VERI-WARNING] converting concatenation to assignment pattern (VERI-1905) (D:\Work\adv7393_axi\src\adv7393_pkg.sv:91)
[EFX-0011 VERI-WARNING] use of undefined macro 'IN_RANGE_NN' (VERI-1158) (D:\Work\adv7393_axi\src\adv7393_pkg.sv:156)
[EFX-0010 VERI-ERROR] syntax error near ',' (VERI-1137) (D:\Work\adv7393_axi\src\adv7393_pkg.sv:156)
[EFX-0011 VERI-WARNING] parameter 'M_AXI_DWIDTH' declared inside package 'adv7393_pkg' shall be treated as localparam (VERI-2418) (D:\Work\adv7393_axi\src\adv7393_pkg.sv:4)
[EFX-0011 VERI-WARNING] parameter 'S_AXI_DWIDTH' declared inside package 'adv7393_pkg' shall be treated as localparam (VERI-2418) (D:\Work\adv7393_axi\src\adv7393_pkg.sv:5)
[EFX-0011 VERI-WARNING] parameter 'S_AXI_AWIDTH' declared inside package 'adv7393_pkg' shall be treated as localparam (VERI-2418) (D:\Work\adv7393_axi\src\adv7393_pkg.sv:6)
[EFX-0011 VERI-WARNING] parameter 'CSR_ENABLE' declared inside package 'adv7393_pkg' shall be treated as localparam (VERI-2418) (D:\Work\adv7393_axi\src\adv7393_pkg.sv:7)
[EFX-0011 VERI-WARNING] parameter 'TEST_ENABLE' declared inside package 'adv7393_pkg' shall be treated as localparam (VERI-2418) (D:\Work\adv7393_axi\src\adv7393_pkg.sv:8)
[EFX-0011 VERI-WARNING] parameter 'VERSION' declared inside package 'adv7393_pkg' shall be treated as localparam (VERI-2418) (D:\Work\adv7393_axi\src\adv7393_pkg.sv:9)
[EFX-0011 VERI-WARNING] parameter 'REG_WIDTH' declared inside package 'adv7393_pkg' shall be treated as localparam (VERI-2418) (D:\Work\adv7393_axi\src\adv7393_pkg.sv:11)
[EFX-0011 VERI-WARNING] parameter 'PIXELS_PER_SYMBOL' declared inside package 'adv7393_pkg' shall be treated as localparam (VERI-2418) (D:\Work\adv7393_axi\src\adv7393_pkg.sv:12)
[EFX-0011 VERI-WARNING] parameter 'BASE' declared inside package 'adv7393_pkg' shall be treated as localparam (VERI-2418) (D:\Work\adv7393_axi\src\adv7393_pkg.sv:54)
[EFX-0011 VERI-WARNING] parameter 'LINE_STEP' declared inside package 'adv7393_pkg' shall be treated as localparam (VERI-2418) (D:\Work\adv7393_axi\src\adv7393_pkg.sv:55)
[EFX-0011 VERI-WARNING] parameter 'COUNT' declared inside package 'adv7393_pkg' shall be treated as localparam (VERI-2418) (D:\Work\adv7393_axi\src\adv7393_pkg.sv:56)
[EFX-0011 VERI-WARNING] parameter 'LINE_LEN' declared inside package 'adv7393_pkg' shall be treated as localparam (VERI-2418) (D:\Work\adv7393_axi\src\adv7393_pkg.sv:58)
[EFX-0011 VERI-WARNING] parameter 'LINES' declared inside package 'adv7393_pkg' shall be treated as localparam (VERI-2418) (D:\Work\adv7393_axi\src\adv7393_pkg.sv:59)
[EFX-0011 VERI-WARNING] parameter 'BUFFER_DEPTH' declared inside package 'adv7393_pkg' shall be treated as localparam (VERI-2418) (D:\Work\adv7393_axi\src\adv7393_pkg.sv:60)
[EFX-0011 VERI-WARNING] parameter 'BUFFER_COUNT' declared inside package 'adv7393_pkg' shall be treated as localparam (VERI-2418) (D:\Work\adv7393_axi\src\adv7393_pkg.sv:61)
[EFX-0011 VERI-WARNING] parameter 'BUFFER_SIZE' declared inside package 'adv7393_pkg' shall be treated as localparam (VERI-2418) (D:\Work\adv7393_axi\src\adv7393_pkg.sv:62)
[EFX-0011 VERI-WARNING] parameter 'LINES_CNT_W' declared inside package 'adv7393_pkg' shall be treated as localparam (VERI-2418) (D:\Work\adv7393_axi\src\adv7393_pkg.sv:63)
[EFX-0011 VERI-WARNING] parameter 'LINE_LEN_ACT_T' declared inside package 'adv7393_pkg' shall be treated as localparam (VERI-2418) (D:\Work\adv7393_axi\src\adv7393_pkg.sv:65)
[EFX-0011 VERI-WARNING] parameter 'LINE_LEN_BLANK_T' declared inside package 'adv7393_pkg' shall be treated as localparam (VERI-2418) (D:\Work\adv7393_axi\src\adv7393_pkg.sv:66)
[EFX-0011 VERI-WARNING] parameter 'LINE_LEN_T' declared inside package 'adv7393_pkg' shall be treated as localparam (VERI-2418) (D:\Work\adv7393_axi\src\adv7393_pkg.sv:67)
[EFX-0011 VERI-WARNING] parameter 'LINE_LEN_CNT_W' declared inside package 'adv7393_pkg' shall be treated as localparam (VERI-2418) (D:\Work\adv7393_axi\src\adv7393_pkg.sv:68)
[EFX-0011 VERI-WARNING] parameter 'HSYNC_W' declared inside package 'adv7393_pkg' shall be treated as localparam (VERI-2418) (D:\Work\adv7393_axi\src\adv7393_pkg.sv:69)
[EFX-0011 VERI-WARNING] parameter 'OUT_DWIDTH' declared inside package 'adv7393_pkg' shall be treated as localparam (VERI-2418) (D:\Work\adv7393_axi\src\adv7393_pkg.sv:71)
[EFX-0011 VERI-WARNING] parameter 'PIXEL_SIZE' declared inside package 'adv7393_pkg' shall be treated as localparam (VERI-2418) (D:\Work\adv7393_axi\src\adv7393_pkg.sv:106)
[EFX-0011 VERI-WARNING] parameter 'PIXEL_STORED_SIZE' declared inside package 'adv7393_pkg' shall be treated as localparam (VERI-2418) (D:\Work\adv7393_axi\src\adv7393_pkg.sv:107)
[EFX-0011 VERI-WARNING] parameter 'COMPRESSED_WIDTH' declared inside package 'adv7393_pkg' shall be treated as localparam (VERI-2418) (D:\Work\adv7393_axi\src\adv7393_pkg.sv:108)
[EFX-0011 VERI-WARNING] variable 'ret' must explicitly be declared as automatic or static (VERI-2013) (D:\Work\adv7393_axi\src\adv7393_pkg.sv:111)
[EFX-0011 VERI-WARNING] variable 'ret' must explicitly be declared as automatic or static (VERI-2013) (D:\Work\adv7393_axi\src\adv7393_pkg.sv:160)
[EFX-0010 VERI-ERROR] package 'adv7393_pkg' is ignored due to previous errors (VERI-1072) (D:\Work\adv7393_axi\src\adv7393_pkg.sv:174)

///////////////////////////////////
// Efinity Synthesis Started 
// Feb 11, 2023 08:33:25
///////////////////////////////////

[EFX-0012 VERI-INFO] default VHDL library search path is now "D:/Efinity/2022.1/sim_models/vhdl/packages/vhdl_2008" (VHDL-1504) 
[EFX-0011 VERI-WARNING] converting concatenation to assignment pattern (VERI-1905) (D:\Work\adv7393_axi\src\adv7393_pkg.sv:91)
[EFX-0011 VERI-WARNING] parameter 'M_AXI_DWIDTH' declared inside package 'adv7393_pkg' shall be treated as localparam (VERI-2418) (D:\Work\adv7393_axi\src\adv7393_pkg.sv:4)
[EFX-0011 VERI-WARNING] parameter 'S_AXI_DWIDTH' declared inside package 'adv7393_pkg' shall be treated as localparam (VERI-2418) (D:\Work\adv7393_axi\src\adv7393_pkg.sv:5)
[EFX-0011 VERI-WARNING] parameter 'S_AXI_AWIDTH' declared inside package 'adv7393_pkg' shall be treated as localparam (VERI-2418) (D:\Work\adv7393_axi\src\adv7393_pkg.sv:6)
[EFX-0011 VERI-WARNING] parameter 'CSR_ENABLE' declared inside package 'adv7393_pkg' shall be treated as localparam (VERI-2418) (D:\Work\adv7393_axi\src\adv7393_pkg.sv:7)
[EFX-0011 VERI-WARNING] parameter 'TEST_ENABLE' declared inside package 'adv7393_pkg' shall be treated as localparam (VERI-2418) (D:\Work\adv7393_axi\src\adv7393_pkg.sv:8)
[EFX-0011 VERI-WARNING] parameter 'VERSION' declared inside package 'adv7393_pkg' shall be treated as localparam (VERI-2418) (D:\Work\adv7393_axi\src\adv7393_pkg.sv:9)
[EFX-0011 VERI-WARNING] parameter 'REG_WIDTH' declared inside package 'adv7393_pkg' shall be treated as localparam (VERI-2418) (D:\Work\adv7393_axi\src\adv7393_pkg.sv:11)
[EFX-0011 VERI-WARNING] parameter 'PIXELS_PER_SYMBOL' declared inside package 'adv7393_pkg' shall be treated as localparam (VERI-2418) (D:\Work\adv7393_axi\src\adv7393_pkg.sv:12)
[EFX-0011 VERI-WARNING] parameter 'BASE' declared inside package 'adv7393_pkg' shall be treated as localparam (VERI-2418) (D:\Work\adv7393_axi\src\adv7393_pkg.sv:54)
[EFX-0011 VERI-WARNING] parameter 'LINE_STEP' declared inside package 'adv7393_pkg' shall be treated as localparam (VERI-2418) (D:\Work\adv7393_axi\src\adv7393_pkg.sv:55)
[EFX-0011 VERI-WARNING] parameter 'COUNT' declared inside package 'adv7393_pkg' shall be treated as localparam (VERI-2418) (D:\Work\adv7393_axi\src\adv7393_pkg.sv:56)
[EFX-0011 VERI-WARNING] parameter 'LINE_LEN' declared inside package 'adv7393_pkg' shall be treated as localparam (VERI-2418) (D:\Work\adv7393_axi\src\adv7393_pkg.sv:58)
[EFX-0011 VERI-WARNING] parameter 'LINES' declared inside package 'adv7393_pkg' shall be treated as localparam (VERI-2418) (D:\Work\adv7393_axi\src\adv7393_pkg.sv:59)
[EFX-0011 VERI-WARNING] parameter 'BUFFER_DEPTH' declared inside package 'adv7393_pkg' shall be treated as localparam (VERI-2418) (D:\Work\adv7393_axi\src\adv7393_pkg.sv:60)
[EFX-0011 VERI-WARNING] parameter 'BUFFER_COUNT' declared inside package 'adv7393_pkg' shall be treated as localparam (VERI-2418) (D:\Work\adv7393_axi\src\adv7393_pkg.sv:61)
[EFX-0011 VERI-WARNING] parameter 'BUFFER_SIZE' declared inside package 'adv7393_pkg' shall be treated as localparam (VERI-2418) (D:\Work\adv7393_axi\src\adv7393_pkg.sv:62)
[EFX-0011 VERI-WARNING] parameter 'LINES_CNT_W' declared inside package 'adv7393_pkg' shall be treated as localparam (VERI-2418) (D:\Work\adv7393_axi\src\adv7393_pkg.sv:63)
[EFX-0011 VERI-WARNING] parameter 'LINE_LEN_ACT_T' declared inside package 'adv7393_pkg' shall be treated as localparam (VERI-2418) (D:\Work\adv7393_axi\src\adv7393_pkg.sv:65)
[EFX-0011 VERI-WARNING] parameter 'LINE_LEN_BLANK_T' declared inside package 'adv7393_pkg' shall be treated as localparam (VERI-2418) (D:\Work\adv7393_axi\src\adv7393_pkg.sv:66)
[EFX-0011 VERI-WARNING] parameter 'LINE_LEN_T' declared inside package 'adv7393_pkg' shall be treated as localparam (VERI-2418) (D:\Work\adv7393_axi\src\adv7393_pkg.sv:67)
[EFX-0011 VERI-WARNING] parameter 'LINE_LEN_CNT_W' declared inside package 'adv7393_pkg' shall be treated as localparam (VERI-2418) (D:\Work\adv7393_axi\src\adv7393_pkg.sv:68)
[EFX-0011 VERI-WARNING] parameter 'HSYNC_W' declared inside package 'adv7393_pkg' shall be treated as localparam (VERI-2418) (D:\Work\adv7393_axi\src\adv7393_pkg.sv:69)
[EFX-0011 VERI-WARNING] parameter 'OUT_DWIDTH' declared inside package 'adv7393_pkg' shall be treated as localparam (VERI-2418) (D:\Work\adv7393_axi\src\adv7393_pkg.sv:71)
[EFX-0011 VERI-WARNING] parameter 'PIXEL_SIZE' declared inside package 'adv7393_pkg' shall be treated as localparam (VERI-2418) (D:\Work\adv7393_axi\src\adv7393_pkg.sv:106)
[EFX-0011 VERI-WARNING] parameter 'PIXEL_STORED_SIZE' declared inside package 'adv7393_pkg' shall be treated as localparam (VERI-2418) (D:\Work\adv7393_axi\src\adv7393_pkg.sv:107)
[EFX-0011 VERI-WARNING] parameter 'COMPRESSED_WIDTH' declared inside package 'adv7393_pkg' shall be treated as localparam (VERI-2418) (D:\Work\adv7393_axi\src\adv7393_pkg.sv:108)
[EFX-0011 VERI-WARNING] variable 'ret' must explicitly be declared as automatic or static (VERI-2013) (D:\Work\adv7393_axi\src\adv7393_pkg.sv:111)
[EFX-0011 VERI-WARNING] variable 'ret' must explicitly be declared as automatic or static (VERI-2013) (D:\Work\adv7393_axi\src\adv7393_pkg.sv:160)
[EFX-0010 VERI-ERROR] syntax error near '}' (VERI-1137) (D:\Work\adv7393_axi\src\axi_pkg.sv:21)
[EFX-0011 VERI-WARNING] use of undefined macro 'ALIGNED' (VERI-1158) (D:\Work\adv7393_axi\src\axi_pkg.sv:51)
[EFX-0010 VERI-ERROR] syntax error near ',' (VERI-1137) (D:\Work\adv7393_axi\src\axi_pkg.sv:51)
[EFX-0010 VERI-ERROR] syntax error near 'transSizeInBytes' (VERI-1137) (D:\Work\adv7393_axi\src\axi_pkg.sv:56)
[EFX-0010 VERI-ERROR] syntax error near 'burstLenFloor' (VERI-1137) (D:\Work\adv7393_axi\src\axi_pkg.sv:57)
[EFX-0010 VERI-ERROR] syntax error near ',' (VERI-1137) (D:\Work\adv7393_axi\src\axi_pkg.sv:58)
[EFX-0010 VERI-ERROR] syntax error near 'else' (VERI-1137) (D:\Work\adv7393_axi\src\axi_pkg.sv:60)
[EFX-0010 VERI-ERROR] SystemVerilog 2009 keyword 'else' used in incorrect context (VERI-2344) (D:\Work\adv7393_axi\src\axi_pkg.sv:60)
[EFX-0010 VERI-ERROR] 'transSizeInBytes' is not declared (VERI-1128) (D:\Work\adv7393_axi\src\axi_pkg.sv:56)
[EFX-0010 VERI-ERROR] 'burstLenFloor' is not declared (VERI-1128) (D:\Work\adv7393_axi\src\axi_pkg.sv:57)
[EFX-0010 VERI-ERROR] 'burstLenFloor' is not declared (VERI-1128) (D:\Work\adv7393_axi\src\axi_pkg.sv:59)
[EFX-0010 VERI-ERROR] 'burstLenFloor' is not declared (VERI-1128) (D:\Work\adv7393_axi\src\axi_pkg.sv:61)
[EFX-0010 VERI-ERROR] package 'axi_pkg' is ignored due to previous errors (VERI-1072) (D:\Work\adv7393_axi\src\axi_pkg.sv:72)

///////////////////////////////////
// Efinity Synthesis Started 
// Feb 11, 2023 08:59:29
///////////////////////////////////

[EFX-0012 VERI-INFO] default VHDL library search path is now "D:/Efinity/2022.1/sim_models/vhdl/packages/vhdl_2008" (VHDL-1504) 
[EFX-0011 VERI-WARNING] converting concatenation to assignment pattern (VERI-1905) (D:\Work\adv7393_axi\src\adv7393_pkg.sv:91)
[EFX-0011 VERI-WARNING] parameter 'M_AXI_DWIDTH' declared inside package 'adv7393_pkg' shall be treated as localparam (VERI-2418) (D:\Work\adv7393_axi\src\adv7393_pkg.sv:4)
[EFX-0011 VERI-WARNING] parameter 'S_AXI_DWIDTH' declared inside package 'adv7393_pkg' shall be treated as localparam (VERI-2418) (D:\Work\adv7393_axi\src\adv7393_pkg.sv:5)
[EFX-0011 VERI-WARNING] parameter 'S_AXI_AWIDTH' declared inside package 'adv7393_pkg' shall be treated as localparam (VERI-2418) (D:\Work\adv7393_axi\src\adv7393_pkg.sv:6)
[EFX-0011 VERI-WARNING] parameter 'CSR_ENABLE' declared inside package 'adv7393_pkg' shall be treated as localparam (VERI-2418) (D:\Work\adv7393_axi\src\adv7393_pkg.sv:7)
[EFX-0011 VERI-WARNING] parameter 'TEST_ENABLE' declared inside package 'adv7393_pkg' shall be treated as localparam (VERI-2418) (D:\Work\adv7393_axi\src\adv7393_pkg.sv:8)
[EFX-0011 VERI-WARNING] parameter 'VERSION' declared inside package 'adv7393_pkg' shall be treated as localparam (VERI-2418) (D:\Work\adv7393_axi\src\adv7393_pkg.sv:9)
[EFX-0011 VERI-WARNING] parameter 'REG_WIDTH' declared inside package 'adv7393_pkg' shall be treated as localparam (VERI-2418) (D:\Work\adv7393_axi\src\adv7393_pkg.sv:11)
[EFX-0011 VERI-WARNING] parameter 'PIXELS_PER_SYMBOL' declared inside package 'adv7393_pkg' shall be treated as localparam (VERI-2418) (D:\Work\adv7393_axi\src\adv7393_pkg.sv:12)
[EFX-0011 VERI-WARNING] parameter 'BASE' declared inside package 'adv7393_pkg' shall be treated as localparam (VERI-2418) (D:\Work\adv7393_axi\src\adv7393_pkg.sv:54)
[EFX-0011 VERI-WARNING] parameter 'LINE_STEP' declared inside package 'adv7393_pkg' shall be treated as localparam (VERI-2418) (D:\Work\adv7393_axi\src\adv7393_pkg.sv:55)
[EFX-0011 VERI-WARNING] parameter 'COUNT' declared inside package 'adv7393_pkg' shall be treated as localparam (VERI-2418) (D:\Work\adv7393_axi\src\adv7393_pkg.sv:56)
[EFX-0011 VERI-WARNING] parameter 'LINE_LEN' declared inside package 'adv7393_pkg' shall be treated as localparam (VERI-2418) (D:\Work\adv7393_axi\src\adv7393_pkg.sv:58)
[EFX-0011 VERI-WARNING] parameter 'LINES' declared inside package 'adv7393_pkg' shall be treated as localparam (VERI-2418) (D:\Work\adv7393_axi\src\adv7393_pkg.sv:59)
[EFX-0011 VERI-WARNING] parameter 'BUFFER_DEPTH' declared inside package 'adv7393_pkg' shall be treated as localparam (VERI-2418) (D:\Work\adv7393_axi\src\adv7393_pkg.sv:60)
[EFX-0011 VERI-WARNING] parameter 'BUFFER_COUNT' declared inside package 'adv7393_pkg' shall be treated as localparam (VERI-2418) (D:\Work\adv7393_axi\src\adv7393_pkg.sv:61)
[EFX-0011 VERI-WARNING] parameter 'BUFFER_SIZE' declared inside package 'adv7393_pkg' shall be treated as localparam (VERI-2418) (D:\Work\adv7393_axi\src\adv7393_pkg.sv:62)
[EFX-0011 VERI-WARNING] parameter 'LINES_CNT_W' declared inside package 'adv7393_pkg' shall be treated as localparam (VERI-2418) (D:\Work\adv7393_axi\src\adv7393_pkg.sv:63)
[EFX-0011 VERI-WARNING] parameter 'LINE_LEN_ACT_T' declared inside package 'adv7393_pkg' shall be treated as localparam (VERI-2418) (D:\Work\adv7393_axi\src\adv7393_pkg.sv:65)
[EFX-0011 VERI-WARNING] parameter 'LINE_LEN_BLANK_T' declared inside package 'adv7393_pkg' shall be treated as localparam (VERI-2418) (D:\Work\adv7393_axi\src\adv7393_pkg.sv:66)
[EFX-0011 VERI-WARNING] parameter 'LINE_LEN_T' declared inside package 'adv7393_pkg' shall be treated as localparam (VERI-2418) (D:\Work\adv7393_axi\src\adv7393_pkg.sv:67)
[EFX-0011 VERI-WARNING] parameter 'LINE_LEN_CNT_W' declared inside package 'adv7393_pkg' shall be treated as localparam (VERI-2418) (D:\Work\adv7393_axi\src\adv7393_pkg.sv:68)
[EFX-0011 VERI-WARNING] parameter 'HSYNC_W' declared inside package 'adv7393_pkg' shall be treated as localparam (VERI-2418) (D:\Work\adv7393_axi\src\adv7393_pkg.sv:69)
[EFX-0011 VERI-WARNING] parameter 'OUT_DWIDTH' declared inside package 'adv7393_pkg' shall be treated as localparam (VERI-2418) (D:\Work\adv7393_axi\src\adv7393_pkg.sv:71)
[EFX-0011 VERI-WARNING] parameter 'PIXEL_SIZE' declared inside package 'adv7393_pkg' shall be treated as localparam (VERI-2418) (D:\Work\adv7393_axi\src\adv7393_pkg.sv:106)
[EFX-0011 VERI-WARNING] parameter 'PIXEL_STORED_SIZE' declared inside package 'adv7393_pkg' shall be treated as localparam (VERI-2418) (D:\Work\adv7393_axi\src\adv7393_pkg.sv:107)
[EFX-0011 VERI-WARNING] parameter 'COMPRESSED_WIDTH' declared inside package 'adv7393_pkg' shall be treated as localparam (VERI-2418) (D:\Work\adv7393_axi\src\adv7393_pkg.sv:108)
[EFX-0011 VERI-WARNING] variable 'ret' must explicitly be declared as automatic or static (VERI-2013) (D:\Work\adv7393_axi\src\adv7393_pkg.sv:111)
[EFX-0011 VERI-WARNING] variable 'ret' must explicitly be declared as automatic or static (VERI-2013) (D:\Work\adv7393_axi\src\adv7393_pkg.sv:160)
[EFX-0010 VERI-ERROR] syntax error near 'transSizeInBytes' (VERI-1137) (D:\Work\adv7393_axi\src\axi_pkg.sv:56)
[EFX-0010 VERI-ERROR] syntax error near 'burstLenFloor' (VERI-1137) (D:\Work\adv7393_axi\src\axi_pkg.sv:57)
[EFX-0010 VERI-ERROR] 'address_aligned' is not declared (VERI-1128) (D:\Work\adv7393_axi\src\axi_pkg.sv:51)
[EFX-0010 VERI-ERROR] 'transSizeInBytes' is not declared (VERI-1128) (D:\Work\adv7393_axi\src\axi_pkg.sv:56)
[EFX-0010 VERI-ERROR] 'burstLenFloor' is not declared (VERI-1128) (D:\Work\adv7393_axi\src\axi_pkg.sv:57)
[EFX-0010 VERI-ERROR] 'address' is not declared (VERI-1128) (D:\Work\adv7393_axi\src\axi_pkg.sv:58)
[EFX-0010 VERI-ERROR] 'burstLenFloor' is not declared (VERI-1128) (D:\Work\adv7393_axi\src\axi_pkg.sv:59)
[EFX-0010 VERI-ERROR] 'burstLenFloor' is not declared (VERI-1128) (D:\Work\adv7393_axi\src\axi_pkg.sv:61)
[EFX-0010 VERI-ERROR] package 'axi_pkg' is ignored due to previous errors (VERI-1072) (D:\Work\adv7393_axi\src\axi_pkg.sv:72)

///////////////////////////////////
// Efinity Synthesis Started 
// Feb 11, 2023 09:00:35
///////////////////////////////////

[EFX-0012 VERI-INFO] default VHDL library search path is now "D:/Efinity/2022.1/sim_models/vhdl/packages/vhdl_2008" (VHDL-1504) 
[EFX-0011 VERI-WARNING] converting concatenation to assignment pattern (VERI-1905) (D:\Work\adv7393_axi\src\adv7393_pkg.sv:91)
[EFX-0011 VERI-WARNING] parameter 'M_AXI_DWIDTH' declared inside package 'adv7393_pkg' shall be treated as localparam (VERI-2418) (D:\Work\adv7393_axi\src\adv7393_pkg.sv:4)
[EFX-0011 VERI-WARNING] parameter 'S_AXI_DWIDTH' declared inside package 'adv7393_pkg' shall be treated as localparam (VERI-2418) (D:\Work\adv7393_axi\src\adv7393_pkg.sv:5)
[EFX-0011 VERI-WARNING] parameter 'S_AXI_AWIDTH' declared inside package 'adv7393_pkg' shall be treated as localparam (VERI-2418) (D:\Work\adv7393_axi\src\adv7393_pkg.sv:6)
[EFX-0011 VERI-WARNING] parameter 'CSR_ENABLE' declared inside package 'adv7393_pkg' shall be treated as localparam (VERI-2418) (D:\Work\adv7393_axi\src\adv7393_pkg.sv:7)
[EFX-0011 VERI-WARNING] parameter 'TEST_ENABLE' declared inside package 'adv7393_pkg' shall be treated as localparam (VERI-2418) (D:\Work\adv7393_axi\src\adv7393_pkg.sv:8)
[EFX-0011 VERI-WARNING] parameter 'VERSION' declared inside package 'adv7393_pkg' shall be treated as localparam (VERI-2418) (D:\Work\adv7393_axi\src\adv7393_pkg.sv:9)
[EFX-0011 VERI-WARNING] parameter 'REG_WIDTH' declared inside package 'adv7393_pkg' shall be treated as localparam (VERI-2418) (D:\Work\adv7393_axi\src\adv7393_pkg.sv:11)
[EFX-0011 VERI-WARNING] parameter 'PIXELS_PER_SYMBOL' declared inside package 'adv7393_pkg' shall be treated as localparam (VERI-2418) (D:\Work\adv7393_axi\src\adv7393_pkg.sv:12)
[EFX-0011 VERI-WARNING] parameter 'BASE' declared inside package 'adv7393_pkg' shall be treated as localparam (VERI-2418) (D:\Work\adv7393_axi\src\adv7393_pkg.sv:54)
[EFX-0011 VERI-WARNING] parameter 'LINE_STEP' declared inside package 'adv7393_pkg' shall be treated as localparam (VERI-2418) (D:\Work\adv7393_axi\src\adv7393_pkg.sv:55)
[EFX-0011 VERI-WARNING] parameter 'COUNT' declared inside package 'adv7393_pkg' shall be treated as localparam (VERI-2418) (D:\Work\adv7393_axi\src\adv7393_pkg.sv:56)
[EFX-0011 VERI-WARNING] parameter 'LINE_LEN' declared inside package 'adv7393_pkg' shall be treated as localparam (VERI-2418) (D:\Work\adv7393_axi\src\adv7393_pkg.sv:58)
[EFX-0011 VERI-WARNING] parameter 'LINES' declared inside package 'adv7393_pkg' shall be treated as localparam (VERI-2418) (D:\Work\adv7393_axi\src\adv7393_pkg.sv:59)
[EFX-0011 VERI-WARNING] parameter 'BUFFER_DEPTH' declared inside package 'adv7393_pkg' shall be treated as localparam (VERI-2418) (D:\Work\adv7393_axi\src\adv7393_pkg.sv:60)
[EFX-0011 VERI-WARNING] parameter 'BUFFER_COUNT' declared inside package 'adv7393_pkg' shall be treated as localparam (VERI-2418) (D:\Work\adv7393_axi\src\adv7393_pkg.sv:61)
[EFX-0011 VERI-WARNING] parameter 'BUFFER_SIZE' declared inside package 'adv7393_pkg' shall be treated as localparam (VERI-2418) (D:\Work\adv7393_axi\src\adv7393_pkg.sv:62)
[EFX-0011 VERI-WARNING] parameter 'LINES_CNT_W' declared inside package 'adv7393_pkg' shall be treated as localparam (VERI-2418) (D:\Work\adv7393_axi\src\adv7393_pkg.sv:63)
[EFX-0011 VERI-WARNING] parameter 'LINE_LEN_ACT_T' declared inside package 'adv7393_pkg' shall be treated as localparam (VERI-2418) (D:\Work\adv7393_axi\src\adv7393_pkg.sv:65)
[EFX-0011 VERI-WARNING] parameter 'LINE_LEN_BLANK_T' declared inside package 'adv7393_pkg' shall be treated as localparam (VERI-2418) (D:\Work\adv7393_axi\src\adv7393_pkg.sv:66)
[EFX-0011 VERI-WARNING] parameter 'LINE_LEN_T' declared inside package 'adv7393_pkg' shall be treated as localparam (VERI-2418) (D:\Work\adv7393_axi\src\adv7393_pkg.sv:67)
[EFX-0011 VERI-WARNING] parameter 'LINE_LEN_CNT_W' declared inside package 'adv7393_pkg' shall be treated as localparam (VERI-2418) (D:\Work\adv7393_axi\src\adv7393_pkg.sv:68)
[EFX-0011 VERI-WARNING] parameter 'HSYNC_W' declared inside package 'adv7393_pkg' shall be treated as localparam (VERI-2418) (D:\Work\adv7393_axi\src\adv7393_pkg.sv:69)
[EFX-0011 VERI-WARNING] parameter 'OUT_DWIDTH' declared inside package 'adv7393_pkg' shall be treated as localparam (VERI-2418) (D:\Work\adv7393_axi\src\adv7393_pkg.sv:71)
[EFX-0011 VERI-WARNING] parameter 'PIXEL_SIZE' declared inside package 'adv7393_pkg' shall be treated as localparam (VERI-2418) (D:\Work\adv7393_axi\src\adv7393_pkg.sv:106)
[EFX-0011 VERI-WARNING] parameter 'PIXEL_STORED_SIZE' declared inside package 'adv7393_pkg' shall be treated as localparam (VERI-2418) (D:\Work\adv7393_axi\src\adv7393_pkg.sv:107)
[EFX-0011 VERI-WARNING] parameter 'COMPRESSED_WIDTH' declared inside package 'adv7393_pkg' shall be treated as localparam (VERI-2418) (D:\Work\adv7393_axi\src\adv7393_pkg.sv:108)
[EFX-0011 VERI-WARNING] variable 'ret' must explicitly be declared as automatic or static (VERI-2013) (D:\Work\adv7393_axi\src\adv7393_pkg.sv:111)
[EFX-0011 VERI-WARNING] variable 'ret' must explicitly be declared as automatic or static (VERI-2013) (D:\Work\adv7393_axi\src\adv7393_pkg.sv:160)
[EFX-0010 VERI-ERROR] 'address_aligned' is not declared (VERI-1128) (D:\Work\adv7393_axi\src\axi_pkg.sv:51)
[EFX-0011 VERI-WARNING] variable 'transSizeInBytes' must explicitly be declared as automatic or static (VERI-2013) (D:\Work\adv7393_axi\src\axi_pkg.sv:55)
[EFX-0011 VERI-WARNING] variable 'burstLenFloor' must explicitly be declared as automatic or static (VERI-2013) (D:\Work\adv7393_axi\src\axi_pkg.sv:56)
[EFX-0010 VERI-ERROR] 'address' is not declared (VERI-1128) (D:\Work\adv7393_axi\src\axi_pkg.sv:58)
[EFX-0010 VERI-ERROR] package 'axi_pkg' is ignored due to previous errors (VERI-1072) (D:\Work\adv7393_axi\src\axi_pkg.sv:72)

///////////////////////////////////
// Efinity Synthesis Started 
// Feb 11, 2023 09:01:19
///////////////////////////////////

[EFX-0012 VERI-INFO] default VHDL library search path is now "D:/Efinity/2022.1/sim_models/vhdl/packages/vhdl_2008" (VHDL-1504) 
[EFX-0011 VERI-WARNING] converting concatenation to assignment pattern (VERI-1905) (D:\Work\adv7393_axi\src\adv7393_pkg.sv:91)
[EFX-0011 VERI-WARNING] parameter 'M_AXI_DWIDTH' declared inside package 'adv7393_pkg' shall be treated as localparam (VERI-2418) (D:\Work\adv7393_axi\src\adv7393_pkg.sv:4)
[EFX-0011 VERI-WARNING] parameter 'S_AXI_DWIDTH' declared inside package 'adv7393_pkg' shall be treated as localparam (VERI-2418) (D:\Work\adv7393_axi\src\adv7393_pkg.sv:5)
[EFX-0011 VERI-WARNING] parameter 'S_AXI_AWIDTH' declared inside package 'adv7393_pkg' shall be treated as localparam (VERI-2418) (D:\Work\adv7393_axi\src\adv7393_pkg.sv:6)
[EFX-0011 VERI-WARNING] parameter 'CSR_ENABLE' declared inside package 'adv7393_pkg' shall be treated as localparam (VERI-2418) (D:\Work\adv7393_axi\src\adv7393_pkg.sv:7)
[EFX-0011 VERI-WARNING] parameter 'TEST_ENABLE' declared inside package 'adv7393_pkg' shall be treated as localparam (VERI-2418) (D:\Work\adv7393_axi\src\adv7393_pkg.sv:8)
[EFX-0011 VERI-WARNING] parameter 'VERSION' declared inside package 'adv7393_pkg' shall be treated as localparam (VERI-2418) (D:\Work\adv7393_axi\src\adv7393_pkg.sv:9)
[EFX-0011 VERI-WARNING] parameter 'REG_WIDTH' declared inside package 'adv7393_pkg' shall be treated as localparam (VERI-2418) (D:\Work\adv7393_axi\src\adv7393_pkg.sv:11)
[EFX-0011 VERI-WARNING] parameter 'PIXELS_PER_SYMBOL' declared inside package 'adv7393_pkg' shall be treated as localparam (VERI-2418) (D:\Work\adv7393_axi\src\adv7393_pkg.sv:12)
[EFX-0011 VERI-WARNING] parameter 'BASE' declared inside package 'adv7393_pkg' shall be treated as localparam (VERI-2418) (D:\Work\adv7393_axi\src\adv7393_pkg.sv:54)
[EFX-0011 VERI-WARNING] parameter 'LINE_STEP' declared inside package 'adv7393_pkg' shall be treated as localparam (VERI-2418) (D:\Work\adv7393_axi\src\adv7393_pkg.sv:55)
[EFX-0011 VERI-WARNING] parameter 'COUNT' declared inside package 'adv7393_pkg' shall be treated as localparam (VERI-2418) (D:\Work\adv7393_axi\src\adv7393_pkg.sv:56)
[EFX-0011 VERI-WARNING] parameter 'LINE_LEN' declared inside package 'adv7393_pkg' shall be treated as localparam (VERI-2418) (D:\Work\adv7393_axi\src\adv7393_pkg.sv:58)
[EFX-0011 VERI-WARNING] parameter 'LINES' declared inside package 'adv7393_pkg' shall be treated as localparam (VERI-2418) (D:\Work\adv7393_axi\src\adv7393_pkg.sv:59)
[EFX-0011 VERI-WARNING] parameter 'BUFFER_DEPTH' declared inside package 'adv7393_pkg' shall be treated as localparam (VERI-2418) (D:\Work\adv7393_axi\src\adv7393_pkg.sv:60)
[EFX-0011 VERI-WARNING] parameter 'BUFFER_COUNT' declared inside package 'adv7393_pkg' shall be treated as localparam (VERI-2418) (D:\Work\adv7393_axi\src\adv7393_pkg.sv:61)
[EFX-0011 VERI-WARNING] parameter 'BUFFER_SIZE' declared inside package 'adv7393_pkg' shall be treated as localparam (VERI-2418) (D:\Work\adv7393_axi\src\adv7393_pkg.sv:62)
[EFX-0011 VERI-WARNING] parameter 'LINES_CNT_W' declared inside package 'adv7393_pkg' shall be treated as localparam (VERI-2418) (D:\Work\adv7393_axi\src\adv7393_pkg.sv:63)
[EFX-0011 VERI-WARNING] parameter 'LINE_LEN_ACT_T' declared inside package 'adv7393_pkg' shall be treated as localparam (VERI-2418) (D:\Work\adv7393_axi\src\adv7393_pkg.sv:65)
[EFX-0011 VERI-WARNING] parameter 'LINE_LEN_BLANK_T' declared inside package 'adv7393_pkg' shall be treated as localparam (VERI-2418) (D:\Work\adv7393_axi\src\adv7393_pkg.sv:66)
[EFX-0011 VERI-WARNING] parameter 'LINE_LEN_T' declared inside package 'adv7393_pkg' shall be treated as localparam (VERI-2418) (D:\Work\adv7393_axi\src\adv7393_pkg.sv:67)
[EFX-0011 VERI-WARNING] parameter 'LINE_LEN_CNT_W' declared inside package 'adv7393_pkg' shall be treated as localparam (VERI-2418) (D:\Work\adv7393_axi\src\adv7393_pkg.sv:68)
[EFX-0011 VERI-WARNING] parameter 'HSYNC_W' declared inside package 'adv7393_pkg' shall be treated as localparam (VERI-2418) (D:\Work\adv7393_axi\src\adv7393_pkg.sv:69)
[EFX-0011 VERI-WARNING] parameter 'OUT_DWIDTH' declared inside package 'adv7393_pkg' shall be treated as localparam (VERI-2418) (D:\Work\adv7393_axi\src\adv7393_pkg.sv:71)
[EFX-0011 VERI-WARNING] parameter 'PIXEL_SIZE' declared inside package 'adv7393_pkg' shall be treated as localparam (VERI-2418) (D:\Work\adv7393_axi\src\adv7393_pkg.sv:106)
[EFX-0011 VERI-WARNING] parameter 'PIXEL_STORED_SIZE' declared inside package 'adv7393_pkg' shall be treated as localparam (VERI-2418) (D:\Work\adv7393_axi\src\adv7393_pkg.sv:107)
[EFX-0011 VERI-WARNING] parameter 'COMPRESSED_WIDTH' declared inside package 'adv7393_pkg' shall be treated as localparam (VERI-2418) (D:\Work\adv7393_axi\src\adv7393_pkg.sv:108)
[EFX-0011 VERI-WARNING] variable 'ret' must explicitly be declared as automatic or static (VERI-2013) (D:\Work\adv7393_axi\src\adv7393_pkg.sv:111)
[EFX-0011 VERI-WARNING] variable 'ret' must explicitly be declared as automatic or static (VERI-2013) (D:\Work\adv7393_axi\src\adv7393_pkg.sv:160)
[EFX-0010 VERI-ERROR] 'address_aligned' is not declared (VERI-1128) (D:\Work\adv7393_axi\src\axi_pkg.sv:51)
[EFX-0011 VERI-WARNING] variable 'transSizeInBytes' must explicitly be declared as automatic or static (VERI-2013) (D:\Work\adv7393_axi\src\axi_pkg.sv:55)
[EFX-0011 VERI-WARNING] variable 'burstLenFloor' must explicitly be declared as automatic or static (VERI-2013) (D:\Work\adv7393_axi\src\axi_pkg.sv:56)
[EFX-0010 VERI-ERROR] package 'axi_pkg' is ignored due to previous errors (VERI-1072) (D:\Work\adv7393_axi\src\axi_pkg.sv:72)

///////////////////////////////////
// Efinity Synthesis Started 
// Feb 11, 2023 09:01:36
///////////////////////////////////

[EFX-0012 VERI-INFO] default VHDL library search path is now "D:/Efinity/2022.1/sim_models/vhdl/packages/vhdl_2008" (VHDL-1504) 
[EFX-0011 VERI-WARNING] converting concatenation to assignment pattern (VERI-1905) (D:\Work\adv7393_axi\src\adv7393_pkg.sv:91)
[EFX-0011 VERI-WARNING] parameter 'M_AXI_DWIDTH' declared inside package 'adv7393_pkg' shall be treated as localparam (VERI-2418) (D:\Work\adv7393_axi\src\adv7393_pkg.sv:4)
[EFX-0011 VERI-WARNING] parameter 'S_AXI_DWIDTH' declared inside package 'adv7393_pkg' shall be treated as localparam (VERI-2418) (D:\Work\adv7393_axi\src\adv7393_pkg.sv:5)
[EFX-0011 VERI-WARNING] parameter 'S_AXI_AWIDTH' declared inside package 'adv7393_pkg' shall be treated as localparam (VERI-2418) (D:\Work\adv7393_axi\src\adv7393_pkg.sv:6)
[EFX-0011 VERI-WARNING] parameter 'CSR_ENABLE' declared inside package 'adv7393_pkg' shall be treated as localparam (VERI-2418) (D:\Work\adv7393_axi\src\adv7393_pkg.sv:7)
[EFX-0011 VERI-WARNING] parameter 'TEST_ENABLE' declared inside package 'adv7393_pkg' shall be treated as localparam (VERI-2418) (D:\Work\adv7393_axi\src\adv7393_pkg.sv:8)
[EFX-0011 VERI-WARNING] parameter 'VERSION' declared inside package 'adv7393_pkg' shall be treated as localparam (VERI-2418) (D:\Work\adv7393_axi\src\adv7393_pkg.sv:9)
[EFX-0011 VERI-WARNING] parameter 'REG_WIDTH' declared inside package 'adv7393_pkg' shall be treated as localparam (VERI-2418) (D:\Work\adv7393_axi\src\adv7393_pkg.sv:11)
[EFX-0011 VERI-WARNING] parameter 'PIXELS_PER_SYMBOL' declared inside package 'adv7393_pkg' shall be treated as localparam (VERI-2418) (D:\Work\adv7393_axi\src\adv7393_pkg.sv:12)
[EFX-0011 VERI-WARNING] parameter 'BASE' declared inside package 'adv7393_pkg' shall be treated as localparam (VERI-2418) (D:\Work\adv7393_axi\src\adv7393_pkg.sv:54)
[EFX-0011 VERI-WARNING] parameter 'LINE_STEP' declared inside package 'adv7393_pkg' shall be treated as localparam (VERI-2418) (D:\Work\adv7393_axi\src\adv7393_pkg.sv:55)
[EFX-0011 VERI-WARNING] parameter 'COUNT' declared inside package 'adv7393_pkg' shall be treated as localparam (VERI-2418) (D:\Work\adv7393_axi\src\adv7393_pkg.sv:56)
[EFX-0011 VERI-WARNING] parameter 'LINE_LEN' declared inside package 'adv7393_pkg' shall be treated as localparam (VERI-2418) (D:\Work\adv7393_axi\src\adv7393_pkg.sv:58)
[EFX-0011 VERI-WARNING] parameter 'LINES' declared inside package 'adv7393_pkg' shall be treated as localparam (VERI-2418) (D:\Work\adv7393_axi\src\adv7393_pkg.sv:59)
[EFX-0011 VERI-WARNING] parameter 'BUFFER_DEPTH' declared inside package 'adv7393_pkg' shall be treated as localparam (VERI-2418) (D:\Work\adv7393_axi\src\adv7393_pkg.sv:60)
[EFX-0011 VERI-WARNING] parameter 'BUFFER_COUNT' declared inside package 'adv7393_pkg' shall be treated as localparam (VERI-2418) (D:\Work\adv7393_axi\src\adv7393_pkg.sv:61)
[EFX-0011 VERI-WARNING] parameter 'BUFFER_SIZE' declared inside package 'adv7393_pkg' shall be treated as localparam (VERI-2418) (D:\Work\adv7393_axi\src\adv7393_pkg.sv:62)
[EFX-0011 VERI-WARNING] parameter 'LINES_CNT_W' declared inside package 'adv7393_pkg' shall be treated as localparam (VERI-2418) (D:\Work\adv7393_axi\src\adv7393_pkg.sv:63)
[EFX-0011 VERI-WARNING] parameter 'LINE_LEN_ACT_T' declared inside package 'adv7393_pkg' shall be treated as localparam (VERI-2418) (D:\Work\adv7393_axi\src\adv7393_pkg.sv:65)
[EFX-0011 VERI-WARNING] parameter 'LINE_LEN_BLANK_T' declared inside package 'adv7393_pkg' shall be treated as localparam (VERI-2418) (D:\Work\adv7393_axi\src\adv7393_pkg.sv:66)
[EFX-0011 VERI-WARNING] parameter 'LINE_LEN_T' declared inside package 'adv7393_pkg' shall be treated as localparam (VERI-2418) (D:\Work\adv7393_axi\src\adv7393_pkg.sv:67)
[EFX-0011 VERI-WARNING] parameter 'LINE_LEN_CNT_W' declared inside package 'adv7393_pkg' shall be treated as localparam (VERI-2418) (D:\Work\adv7393_axi\src\adv7393_pkg.sv:68)
[EFX-0011 VERI-WARNING] parameter 'HSYNC_W' declared inside package 'adv7393_pkg' shall be treated as localparam (VERI-2418) (D:\Work\adv7393_axi\src\adv7393_pkg.sv:69)
[EFX-0011 VERI-WARNING] parameter 'OUT_DWIDTH' declared inside package 'adv7393_pkg' shall be treated as localparam (VERI-2418) (D:\Work\adv7393_axi\src\adv7393_pkg.sv:71)
[EFX-0011 VERI-WARNING] parameter 'PIXEL_SIZE' declared inside package 'adv7393_pkg' shall be treated as localparam (VERI-2418) (D:\Work\adv7393_axi\src\adv7393_pkg.sv:106)
[EFX-0011 VERI-WARNING] parameter 'PIXEL_STORED_SIZE' declared inside package 'adv7393_pkg' shall be treated as localparam (VERI-2418) (D:\Work\adv7393_axi\src\adv7393_pkg.sv:107)
[EFX-0011 VERI-WARNING] parameter 'COMPRESSED_WIDTH' declared inside package 'adv7393_pkg' shall be treated as localparam (VERI-2418) (D:\Work\adv7393_axi\src\adv7393_pkg.sv:108)
[EFX-0011 VERI-WARNING] variable 'ret' must explicitly be declared as automatic or static (VERI-2013) (D:\Work\adv7393_axi\src\adv7393_pkg.sv:111)
[EFX-0011 VERI-WARNING] variable 'ret' must explicitly be declared as automatic or static (VERI-2013) (D:\Work\adv7393_axi\src\adv7393_pkg.sv:160)
[EFX-0011 VERI-WARNING] variable 'transSizeInBytes' must explicitly be declared as automatic or static (VERI-2013) (D:\Work\adv7393_axi\src\axi_pkg.sv:55)
[EFX-0011 VERI-WARNING] variable 'burstLenFloor' must explicitly be declared as automatic or static (VERI-2013) (D:\Work\adv7393_axi\src\axi_pkg.sv:56)
[EFX-0012 VERI-INFO] undeclared symbol 'line_per_field', assumed default net type 'wire' (VERI-2561) (D:\Work\adv7393_axi\src\adv7393_frame_ctrl.sv:56)
[EFX-0012 VERI-INFO] undeclared symbol 'line_ends', assumed default net type 'wire' (VERI-2561) (D:\Work\adv7393_axi\src\adv7393_frame_ctrl.sv:58)
[EFX-0012 VERI-INFO] undeclared symbol 'out', assumed default net type 'wire' (VERI-2561) (D:\Work\adv7393_axi\src\adv7393_frame_ctrl.sv:60)
[EFX-0010 VERI-ERROR] 'line_offset' is not declared under prefix 'axi_pkg' (VERI-1187) (D:\Work\adv7393_axi\src\adv7393_frame_ctrl.sv:66)
[EFX-0010 VERI-ERROR] 'frame_base' is not declared under prefix 'axi_pkg' (VERI-1187) (D:\Work\adv7393_axi\src\adv7393_frame_ctrl.sv:67)
[EFX-0010 VERI-ERROR] 'frame_align_center' is not declared under prefix 'axi_pkg' (VERI-1187) (D:\Work\adv7393_axi\src\adv7393_frame_ctrl.sv:68)
[EFX-0010 VERI-ERROR] 'blank_line' is not declared under prefix 'axi_pkg' (VERI-1187) (D:\Work\adv7393_axi\src\adv7393_frame_ctrl.sv:69)
[EFX-0010 VERI-ERROR] syntax error near 'default' (VERI-1137) (D:\Work\adv7393_axi\src\adv7393_frame_ctrl.sv:108)
[EFX-0010 VERI-ERROR] SystemVerilog 2009 keyword 'default' used in incorrect context (VERI-2344) (D:\Work\adv7393_axi\src\adv7393_frame_ctrl.sv:108)
[EFX-0010 VERI-ERROR] syntax error near 'endcase' (VERI-1137) (D:\Work\adv7393_axi\src\adv7393_frame_ctrl.sv:111)
[EFX-0010 VERI-ERROR] SystemVerilog 2009 keyword 'endcase' used in incorrect context (VERI-2344) (D:\Work\adv7393_axi\src\adv7393_frame_ctrl.sv:111)
