
///////////////////////////////////
// Efinity Synthesis Started 
// Feb 06, 2023 23:23:49
///////////////////////////////////

[EFX-0010 VERI-ERROR] cannot open include file 'macro.svh' (SORT-1015) (D:\Work\adv7393_axi\src\adv7393_sync_gen.sv:24)
[EFX-0010 VERI-ERROR] cannot open include file 'macro.svh' (SORT-1015) (D:\Work\adv7393_axi\src\axi_pkg.sv:3)
[EFX-0010 VERI-ERROR] cannot open include file 'macro.svh' (SORT-1015) (D:\Work\adv7393_axi\src\fifo_rd_dconv.sv:23)
[EFX-0010 VERI-ERROR] unpacked member 'status' is not allowed in a packed struct/union (VERI-1336) (D:\Work\adv7393_axi\src\adv7393_pkg.sv:49)
[EFX-0010 VERI-ERROR] unpacked member 'frame' is not allowed in a packed struct/union (VERI-1336) (D:\Work\adv7393_axi\src\adv7393_pkg.sv:50)
[EFX-0010 VERI-ERROR] unpacked member 'buffer' is not allowed in a packed struct/union (VERI-1336) (D:\Work\adv7393_axi\src\adv7393_pkg.sv:51)
[EFX-0010 VERI-ERROR] package 'adv7393_pkg' is ignored due to previous errors (VERI-1072) (D:\Work\adv7393_axi\src\adv7393_pkg.sv:139)

///////////////////////////////////
// Efinity Synthesis Started 
// Feb 06, 2023 23:25:13
///////////////////////////////////

[EFX-0010 VERI-ERROR] cannot open include file 'macro.svh' (SORT-1015) (D:\Work\adv7393_axi\src\adv7393_sync_gen.sv:24)
[EFX-0010 VERI-ERROR] cannot open include file 'macro.svh' (SORT-1015) (D:\Work\adv7393_axi\src\axi_pkg.sv:3)
[EFX-0010 VERI-ERROR] cannot open include file 'macro.svh' (SORT-1015) (D:\Work\adv7393_axi\src\fifo_rd_dconv.sv:23)
[EFX-0010 VERI-ERROR] cannot open include file 'macro.svh' (VERI-1245) (D:\Work\adv7393_axi\src\axi_pkg.sv:3)
[EFX-0010 VERI-ERROR] syntax error near '}' (VERI-1137) (D:\Work\adv7393_axi\src\axi_pkg.sv:23)
[EFX-0010 VERI-ERROR] syntax error near ',' (VERI-1137) (D:\Work\adv7393_axi\src\axi_pkg.sv:53)
[EFX-0010 VERI-ERROR] syntax error near 'transSizeInBytes' (VERI-1137) (D:\Work\adv7393_axi\src\axi_pkg.sv:58)
[EFX-0010 VERI-ERROR] syntax error near 'burstLenFloor' (VERI-1137) (D:\Work\adv7393_axi\src\axi_pkg.sv:59)
[EFX-0010 VERI-ERROR] syntax error near ',' (VERI-1137) (D:\Work\adv7393_axi\src\axi_pkg.sv:60)
[EFX-0010 VERI-ERROR] syntax error near 'else' (VERI-1137) (D:\Work\adv7393_axi\src\axi_pkg.sv:62)
[EFX-0010 VERI-ERROR] SystemVerilog 2009 keyword 'else' used in incorrect context (VERI-2344) (D:\Work\adv7393_axi\src\axi_pkg.sv:62)
[EFX-0010 VERI-ERROR] 'AxiResp_t' is not a valid package or class type prefix for '::' (VERI-1677) (D:\Work\adv7393_axi\src\axi_pkg.sv:71)
[EFX-0010 VERI-ERROR] 'transSizeInBytes' is not declared (VERI-1128) (D:\Work\adv7393_axi\src\axi_pkg.sv:58)
[EFX-0010 VERI-ERROR] 'burstLenFloor' is not declared (VERI-1128) (D:\Work\adv7393_axi\src\axi_pkg.sv:59)
[EFX-0010 VERI-ERROR] 'burstLenFloor' is not declared (VERI-1128) (D:\Work\adv7393_axi\src\axi_pkg.sv:61)
[EFX-0010 VERI-ERROR] 'burstLenFloor' is not declared (VERI-1128) (D:\Work\adv7393_axi\src\axi_pkg.sv:63)
[EFX-0010 VERI-ERROR] package 'axi_pkg' is ignored due to previous errors (VERI-1072) (D:\Work\adv7393_axi\src\axi_pkg.sv:74)
